2024-01-25 09:24:40.7393 | DESKTOP-9VG6H90 | 30820 | iisexpress | Info | LoggerService.LoggerManager | Here is info message from the controller.
2024-01-25 09:24:40.7777 | DESKTOP-9VG6H90 | 30820 | iisexpress | Debug | LoggerService.LoggerManager | Here is debug message from the controller.
2024-01-25 09:24:40.7777 | DESKTOP-9VG6H90 | 30820 | iisexpress | Warn | LoggerService.LoggerManager | Here is warn message from the controller.
2024-01-25 09:24:40.7777 | DESKTOP-9VG6H90 | 30820 | iisexpress | Error | LoggerService.LoggerManager | Here is error message from the controller.
2024-01-25 10:30:10.7027 | DESKTOP-9VG6H90 | 30820 | iisexpress | Info | LoggerService.LoggerManager | Here is info message from the controller.
2024-01-25 10:30:10.7027 | DESKTOP-9VG6H90 | 30820 | iisexpress | Debug | LoggerService.LoggerManager | Here is debug message from the controller.
2024-01-25 10:30:10.7027 | DESKTOP-9VG6H90 | 30820 | iisexpress | Warn | LoggerService.LoggerManager | Here is warn message from the controller.
2024-01-25 10:30:10.7027 | DESKTOP-9VG6H90 | 30820 | iisexpress | Error | LoggerService.LoggerManager | Here is error message from the controller.
2024-01-25 10:33:53.2382 | DESKTOP-9VG6H90 | 30820 | iisexpress | Info | LoggerService.LoggerManager | Here is info message from the controller.
2024-01-25 10:33:53.2382 | DESKTOP-9VG6H90 | 30820 | iisexpress | Debug | LoggerService.LoggerManager | Here is debug message from the controller.
2024-01-25 10:33:53.2382 | DESKTOP-9VG6H90 | 30820 | iisexpress | Warn | LoggerService.LoggerManager | Here is warn message from the controller.
2024-01-25 10:33:53.2382 | DESKTOP-9VG6H90 | 30820 | iisexpress | Error | LoggerService.LoggerManager | Here is error message from the controller.
2024-01-25 10:34:46.7419 | DESKTOP-9VG6H90 | 30820 | iisexpress | Info | LoggerService.LoggerManager | Here is info message from the controller.
2024-01-25 10:34:46.7419 | DESKTOP-9VG6H90 | 30820 | iisexpress | Debug | LoggerService.LoggerManager | Here is debug message from the controller.
2024-01-25 10:34:46.7419 | DESKTOP-9VG6H90 | 30820 | iisexpress | Warn | LoggerService.LoggerManager | Here is warn message from the controller.
2024-01-25 10:34:46.7419 | DESKTOP-9VG6H90 | 30820 | iisexpress | Error | LoggerService.LoggerManager | Here is error message from the controller.
2024-01-25 10:35:02.7166 | DESKTOP-9VG6H90 | 30820 | iisexpress | Info | LoggerService.LoggerManager | Here is info message from the controller.
2024-01-25 10:35:02.7166 | DESKTOP-9VG6H90 | 30820 | iisexpress | Debug | LoggerService.LoggerManager | Here is debug message from the controller.
2024-01-25 10:35:02.7166 | DESKTOP-9VG6H90 | 30820 | iisexpress | Warn | LoggerService.LoggerManager | Here is warn message from the controller.
2024-01-25 10:35:02.7166 | DESKTOP-9VG6H90 | 30820 | iisexpress | Error | LoggerService.LoggerManager | Here is error message from the controller.
2024-01-25 10:43:40.5445 | DESKTOP-9VG6H90 | 30820 | iisexpress | Info | LoggerService.LoggerManager | Here is info message from the controller.
2024-01-25 10:43:40.5445 | DESKTOP-9VG6H90 | 30820 | iisexpress | Debug | LoggerService.LoggerManager | Here is debug message from the controller.
2024-01-25 10:43:40.5445 | DESKTOP-9VG6H90 | 30820 | iisexpress | Warn | LoggerService.LoggerManager | Here is warn message from the controller.
2024-01-25 10:43:40.5445 | DESKTOP-9VG6H90 | 30820 | iisexpress | Error | LoggerService.LoggerManager | Here is error message from the controller.
2024-01-25 10:43:44.4548 | DESKTOP-9VG6H90 | 30820 | iisexpress | Info | LoggerService.LoggerManager | Here is info message from the controller.
2024-01-25 10:43:44.4548 | DESKTOP-9VG6H90 | 30820 | iisexpress | Debug | LoggerService.LoggerManager | Here is debug message from the controller.
2024-01-25 10:43:44.4548 | DESKTOP-9VG6H90 | 30820 | iisexpress | Warn | LoggerService.LoggerManager | Here is warn message from the controller.
2024-01-25 10:43:44.4548 | DESKTOP-9VG6H90 | 30820 | iisexpress | Error | LoggerService.LoggerManager | Here is error message from the controller.
2024-01-25 10:43:46.5647 | DESKTOP-9VG6H90 | 30820 | iisexpress | Info | LoggerService.LoggerManager | Here is info message from the controller.
2024-01-25 10:43:46.5647 | DESKTOP-9VG6H90 | 30820 | iisexpress | Debug | LoggerService.LoggerManager | Here is debug message from the controller.
2024-01-25 10:43:46.5647 | DESKTOP-9VG6H90 | 30820 | iisexpress | Warn | LoggerService.LoggerManager | Here is warn message from the controller.
2024-01-25 10:43:46.5647 | DESKTOP-9VG6H90 | 30820 | iisexpress | Error | LoggerService.LoggerManager | Here is error message from the controller.
2024-01-25 10:43:48.1884 | DESKTOP-9VG6H90 | 30820 | iisexpress | Info | LoggerService.LoggerManager | Here is info message from the controller.
2024-01-25 10:43:48.1884 | DESKTOP-9VG6H90 | 30820 | iisexpress | Debug | LoggerService.LoggerManager | Here is debug message from the controller.
2024-01-25 10:43:48.1884 | DESKTOP-9VG6H90 | 30820 | iisexpress | Warn | LoggerService.LoggerManager | Here is warn message from the controller.
2024-01-25 10:43:48.1884 | DESKTOP-9VG6H90 | 30820 | iisexpress | Error | LoggerService.LoggerManager | Here is error message from the controller.
2024-01-25 10:43:55.1204 | DESKTOP-9VG6H90 | 30820 | iisexpress | Info | LoggerService.LoggerManager | Here is info message from the controller.
2024-01-25 10:43:55.1204 | DESKTOP-9VG6H90 | 30820 | iisexpress | Debug | LoggerService.LoggerManager | Here is debug message from the controller.
2024-01-25 10:43:55.1204 | DESKTOP-9VG6H90 | 30820 | iisexpress | Warn | LoggerService.LoggerManager | Here is warn message from the controller.
2024-01-25 10:43:55.1204 | DESKTOP-9VG6H90 | 30820 | iisexpress | Error | LoggerService.LoggerManager | Here is error message from the controller.
2024-01-25 10:44:12.7697 | DESKTOP-9VG6H90 | 30820 | iisexpress | Info | LoggerService.LoggerManager | Here is info message from the controller.
2024-01-25 10:44:12.7697 | DESKTOP-9VG6H90 | 30820 | iisexpress | Debug | LoggerService.LoggerManager | Here is debug message from the controller.
2024-01-25 10:44:12.7697 | DESKTOP-9VG6H90 | 30820 | iisexpress | Warn | LoggerService.LoggerManager | Here is warn message from the controller.
2024-01-25 10:44:12.7697 | DESKTOP-9VG6H90 | 30820 | iisexpress | Error | LoggerService.LoggerManager | Here is error message from the controller.
2024-01-25 10:44:12.9828 | DESKTOP-9VG6H90 | 30820 | iisexpress | Info | LoggerService.LoggerManager | Here is info message from the controller.
2024-01-25 10:44:12.9828 | DESKTOP-9VG6H90 | 30820 | iisexpress | Debug | LoggerService.LoggerManager | Here is debug message from the controller.
2024-01-25 10:44:12.9828 | DESKTOP-9VG6H90 | 30820 | iisexpress | Warn | LoggerService.LoggerManager | Here is warn message from the controller.
2024-01-25 10:44:12.9828 | DESKTOP-9VG6H90 | 30820 | iisexpress | Error | LoggerService.LoggerManager | Here is error message from the controller.
2024-01-25 10:49:18.3889 | DESKTOP-9VG6H90 | 30820 | iisexpress | Info | LoggerService.LoggerManager | Here is info message from the controller.
2024-01-25 10:49:18.3889 | DESKTOP-9VG6H90 | 30820 | iisexpress | Debug | LoggerService.LoggerManager | Here is debug message from the controller.
2024-01-25 10:49:18.3889 | DESKTOP-9VG6H90 | 30820 | iisexpress | Warn | LoggerService.LoggerManager | Here is warn message from the controller.
2024-01-25 10:49:18.3889 | DESKTOP-9VG6H90 | 30820 | iisexpress | Error | LoggerService.LoggerManager | Here is error message from the controller.
2024-01-25 10:50:05.2015 | DESKTOP-9VG6H90 | 30820 | iisexpress | Info | LoggerService.LoggerManager | Here is info message from the controller.
2024-01-25 10:50:05.2015 | DESKTOP-9VG6H90 | 30820 | iisexpress | Debug | LoggerService.LoggerManager | Here is debug message from the controller.
2024-01-25 10:50:05.2015 | DESKTOP-9VG6H90 | 30820 | iisexpress | Warn | LoggerService.LoggerManager | Here is warn message from the controller.
2024-01-25 10:50:05.2015 | DESKTOP-9VG6H90 | 30820 | iisexpress | Error | LoggerService.LoggerManager | Here is error message from the controller.
2024-01-25 10:50:17.4934 | DESKTOP-9VG6H90 | 30820 | iisexpress | Info | LoggerService.LoggerManager | Here is info message from the controller.
2024-01-25 10:50:17.4934 | DESKTOP-9VG6H90 | 30820 | iisexpress | Debug | LoggerService.LoggerManager | Here is debug message from the controller.
2024-01-25 10:50:17.4934 | DESKTOP-9VG6H90 | 30820 | iisexpress | Warn | LoggerService.LoggerManager | Here is warn message from the controller.
2024-01-25 10:50:17.4934 | DESKTOP-9VG6H90 | 30820 | iisexpress | Error | LoggerService.LoggerManager | Here is error message from the controller.
2024-01-25 10:51:14.4636 | DESKTOP-9VG6H90 | 30820 | iisexpress | Info | LoggerService.LoggerManager | Here is info message from the controller.
2024-01-25 10:51:14.4636 | DESKTOP-9VG6H90 | 30820 | iisexpress | Debug | LoggerService.LoggerManager | Here is debug message from the controller.
2024-01-25 10:51:14.4636 | DESKTOP-9VG6H90 | 30820 | iisexpress | Warn | LoggerService.LoggerManager | Here is warn message from the controller.
2024-01-25 10:51:14.4636 | DESKTOP-9VG6H90 | 30820 | iisexpress | Error | LoggerService.LoggerManager | Here is error message from the controller.
2024-01-25 10:51:16.5308 | DESKTOP-9VG6H90 | 30820 | iisexpress | Info | LoggerService.LoggerManager | Here is info message from the controller.
2024-01-25 10:51:16.5308 | DESKTOP-9VG6H90 | 30820 | iisexpress | Debug | LoggerService.LoggerManager | Here is debug message from the controller.
2024-01-25 10:51:16.5308 | DESKTOP-9VG6H90 | 30820 | iisexpress | Warn | LoggerService.LoggerManager | Here is warn message from the controller.
2024-01-25 10:51:16.5308 | DESKTOP-9VG6H90 | 30820 | iisexpress | Error | LoggerService.LoggerManager | Here is error message from the controller.
2024-01-25 10:51:24.0202 | DESKTOP-9VG6H90 | 30820 | iisexpress | Info | LoggerService.LoggerManager | Here is info message from the controller.
2024-01-25 10:51:24.0202 | DESKTOP-9VG6H90 | 30820 | iisexpress | Debug | LoggerService.LoggerManager | Here is debug message from the controller.
2024-01-25 10:51:24.0202 | DESKTOP-9VG6H90 | 30820 | iisexpress | Warn | LoggerService.LoggerManager | Here is warn message from the controller.
2024-01-25 10:51:24.0202 | DESKTOP-9VG6H90 | 30820 | iisexpress | Error | LoggerService.LoggerManager | Here is error message from the controller.
2024-01-25 10:53:48.1360 | DESKTOP-9VG6H90 | 30820 | iisexpress | Info | LoggerService.LoggerManager | Here is info message from the controller.
2024-01-25 10:53:48.1360 | DESKTOP-9VG6H90 | 30820 | iisexpress | Debug | LoggerService.LoggerManager | Here is debug message from the controller.
2024-01-25 10:53:48.1360 | DESKTOP-9VG6H90 | 30820 | iisexpress | Warn | LoggerService.LoggerManager | Here is warn message from the controller.
2024-01-25 10:53:48.1360 | DESKTOP-9VG6H90 | 30820 | iisexpress | Error | LoggerService.LoggerManager | Here is error message from the controller.
2024-01-25 10:54:02.0756 | DESKTOP-9VG6H90 | 30820 | iisexpress | Info | LoggerService.LoggerManager | Here is info message from the controller.
2024-01-25 10:54:02.0756 | DESKTOP-9VG6H90 | 30820 | iisexpress | Debug | LoggerService.LoggerManager | Here is debug message from the controller.
2024-01-25 10:54:02.0756 | DESKTOP-9VG6H90 | 30820 | iisexpress | Warn | LoggerService.LoggerManager | Here is warn message from the controller.
2024-01-25 10:54:02.0756 | DESKTOP-9VG6H90 | 30820 | iisexpress | Error | LoggerService.LoggerManager | Here is error message from the controller.
2024-01-25 10:54:06.9572 | DESKTOP-9VG6H90 | 30820 | iisexpress | Info | LoggerService.LoggerManager | Here is info message from the controller.
2024-01-25 10:54:06.9572 | DESKTOP-9VG6H90 | 30820 | iisexpress | Debug | LoggerService.LoggerManager | Here is debug message from the controller.
2024-01-25 10:54:06.9572 | DESKTOP-9VG6H90 | 30820 | iisexpress | Warn | LoggerService.LoggerManager | Here is warn message from the controller.
2024-01-25 10:54:06.9572 | DESKTOP-9VG6H90 | 30820 | iisexpress | Error | LoggerService.LoggerManager | Here is error message from the controller.
2024-01-25 10:54:08.9546 | DESKTOP-9VG6H90 | 30820 | iisexpress | Info | LoggerService.LoggerManager | Here is info message from the controller.
2024-01-25 10:54:08.9546 | DESKTOP-9VG6H90 | 30820 | iisexpress | Debug | LoggerService.LoggerManager | Here is debug message from the controller.
2024-01-25 10:54:08.9546 | DESKTOP-9VG6H90 | 30820 | iisexpress | Warn | LoggerService.LoggerManager | Here is warn message from the controller.
2024-01-25 10:54:08.9546 | DESKTOP-9VG6H90 | 30820 | iisexpress | Error | LoggerService.LoggerManager | Here is error message from the controller.
2024-01-25 10:54:21.7802 | DESKTOP-9VG6H90 | 30820 | iisexpress | Info | LoggerService.LoggerManager | Here is info message from the controller.
2024-01-25 10:54:21.7802 | DESKTOP-9VG6H90 | 30820 | iisexpress | Debug | LoggerService.LoggerManager | Here is debug message from the controller.
2024-01-25 10:54:21.7802 | DESKTOP-9VG6H90 | 30820 | iisexpress | Warn | LoggerService.LoggerManager | Here is warn message from the controller.
2024-01-25 10:54:21.7802 | DESKTOP-9VG6H90 | 30820 | iisexpress | Error | LoggerService.LoggerManager | Here is error message from the controller.
2024-01-25 10:54:24.1795 | DESKTOP-9VG6H90 | 30820 | iisexpress | Info | LoggerService.LoggerManager | Here is info message from the controller.
2024-01-25 10:54:24.1795 | DESKTOP-9VG6H90 | 30820 | iisexpress | Debug | LoggerService.LoggerManager | Here is debug message from the controller.
2024-01-25 10:54:24.1795 | DESKTOP-9VG6H90 | 30820 | iisexpress | Warn | LoggerService.LoggerManager | Here is warn message from the controller.
2024-01-25 10:54:24.1795 | DESKTOP-9VG6H90 | 30820 | iisexpress | Error | LoggerService.LoggerManager | Here is error message from the controller.
2024-01-25 10:54:26.5630 | DESKTOP-9VG6H90 | 30820 | iisexpress | Info | LoggerService.LoggerManager | Here is info message from the controller.
2024-01-25 10:54:26.5630 | DESKTOP-9VG6H90 | 30820 | iisexpress | Debug | LoggerService.LoggerManager | Here is debug message from the controller.
2024-01-25 10:54:26.5630 | DESKTOP-9VG6H90 | 30820 | iisexpress | Warn | LoggerService.LoggerManager | Here is warn message from the controller.
2024-01-25 10:54:26.5630 | DESKTOP-9VG6H90 | 30820 | iisexpress | Error | LoggerService.LoggerManager | Here is error message from the controller.
2024-01-25 10:54:28.8978 | DESKTOP-9VG6H90 | 30820 | iisexpress | Info | LoggerService.LoggerManager | Here is info message from the controller.
2024-01-25 10:54:28.8978 | DESKTOP-9VG6H90 | 30820 | iisexpress | Debug | LoggerService.LoggerManager | Here is debug message from the controller.
2024-01-25 10:54:28.8978 | DESKTOP-9VG6H90 | 30820 | iisexpress | Warn | LoggerService.LoggerManager | Here is warn message from the controller.
2024-01-25 10:54:28.8978 | DESKTOP-9VG6H90 | 30820 | iisexpress | Error | LoggerService.LoggerManager | Here is error message from the controller.
2024-01-25 10:54:56.2236 | DESKTOP-9VG6H90 | 30820 | iisexpress | Info | LoggerService.LoggerManager | Here is info message from the controller.
2024-01-25 10:54:56.2236 | DESKTOP-9VG6H90 | 30820 | iisexpress | Debug | LoggerService.LoggerManager | Here is debug message from the controller.
2024-01-25 10:54:56.2236 | DESKTOP-9VG6H90 | 30820 | iisexpress | Warn | LoggerService.LoggerManager | Here is warn message from the controller.
2024-01-25 10:54:56.2236 | DESKTOP-9VG6H90 | 30820 | iisexpress | Error | LoggerService.LoggerManager | Here is error message from the controller.
2024-01-25 10:55:01.8321 | DESKTOP-9VG6H90 | 30820 | iisexpress | Info | LoggerService.LoggerManager | Here is info message from the controller.
2024-01-25 10:55:01.8321 | DESKTOP-9VG6H90 | 30820 | iisexpress | Debug | LoggerService.LoggerManager | Here is debug message from the controller.
2024-01-25 10:55:01.8321 | DESKTOP-9VG6H90 | 30820 | iisexpress | Warn | LoggerService.LoggerManager | Here is warn message from the controller.
2024-01-25 10:55:01.8321 | DESKTOP-9VG6H90 | 30820 | iisexpress | Error | LoggerService.LoggerManager | Here is error message from the controller.
2024-01-25 10:55:31.6726 | DESKTOP-9VG6H90 | 30820 | iisexpress | Info | LoggerService.LoggerManager | Here is info message from the controller.
2024-01-25 10:55:31.6726 | DESKTOP-9VG6H90 | 30820 | iisexpress | Debug | LoggerService.LoggerManager | Here is debug message from the controller.
2024-01-25 10:55:31.6726 | DESKTOP-9VG6H90 | 30820 | iisexpress | Warn | LoggerService.LoggerManager | Here is warn message from the controller.
2024-01-25 10:55:31.6726 | DESKTOP-9VG6H90 | 30820 | iisexpress | Error | LoggerService.LoggerManager | Here is error message from the controller.
2024-01-25 10:55:35.6449 | DESKTOP-9VG6H90 | 30820 | iisexpress | Info | LoggerService.LoggerManager | Here is info message from the controller.
2024-01-25 10:55:35.6449 | DESKTOP-9VG6H90 | 30820 | iisexpress | Debug | LoggerService.LoggerManager | Here is debug message from the controller.
2024-01-25 10:55:35.6449 | DESKTOP-9VG6H90 | 30820 | iisexpress | Warn | LoggerService.LoggerManager | Here is warn message from the controller.
2024-01-25 10:55:35.6449 | DESKTOP-9VG6H90 | 30820 | iisexpress | Error | LoggerService.LoggerManager | Here is error message from the controller.
2024-01-25 10:59:02.0937 | DESKTOP-9VG6H90 | 30820 | iisexpress | Info | LoggerService.LoggerManager | Here is info message from the controller.
2024-01-25 10:59:02.0937 | DESKTOP-9VG6H90 | 30820 | iisexpress | Debug | LoggerService.LoggerManager | Here is debug message from the controller.
2024-01-25 10:59:02.0937 | DESKTOP-9VG6H90 | 30820 | iisexpress | Warn | LoggerService.LoggerManager | Here is warn message from the controller.
2024-01-25 10:59:02.0937 | DESKTOP-9VG6H90 | 30820 | iisexpress | Error | LoggerService.LoggerManager | Here is error message from the controller.
2024-01-25 10:59:19.0542 | DESKTOP-9VG6H90 | 30820 | iisexpress | Info | LoggerService.LoggerManager | Here is info message from the controller.
2024-01-25 10:59:19.0542 | DESKTOP-9VG6H90 | 30820 | iisexpress | Debug | LoggerService.LoggerManager | Here is debug message from the controller.
2024-01-25 10:59:19.0542 | DESKTOP-9VG6H90 | 30820 | iisexpress | Warn | LoggerService.LoggerManager | Here is warn message from the controller.
2024-01-25 10:59:19.0542 | DESKTOP-9VG6H90 | 30820 | iisexpress | Error | LoggerService.LoggerManager | Here is error message from the controller.
2024-01-25 10:59:21.2565 | DESKTOP-9VG6H90 | 30820 | iisexpress | Info | LoggerService.LoggerManager | Here is info message from the controller.
2024-01-25 10:59:21.2565 | DESKTOP-9VG6H90 | 30820 | iisexpress | Debug | LoggerService.LoggerManager | Here is debug message from the controller.
2024-01-25 10:59:21.2565 | DESKTOP-9VG6H90 | 30820 | iisexpress | Warn | LoggerService.LoggerManager | Here is warn message from the controller.
2024-01-25 10:59:21.2565 | DESKTOP-9VG6H90 | 30820 | iisexpress | Error | LoggerService.LoggerManager | Here is error message from the controller.
2024-01-25 11:00:29.0168 | DESKTOP-9VG6H90 | 30820 | iisexpress | Info | LoggerService.LoggerManager | Here is info message from the controller.
2024-01-25 11:00:29.0168 | DESKTOP-9VG6H90 | 30820 | iisexpress | Debug | LoggerService.LoggerManager | Here is debug message from the controller.
2024-01-25 11:00:29.0168 | DESKTOP-9VG6H90 | 30820 | iisexpress | Warn | LoggerService.LoggerManager | Here is warn message from the controller.
2024-01-25 11:00:29.0168 | DESKTOP-9VG6H90 | 30820 | iisexpress | Error | LoggerService.LoggerManager | Here is error message from the controller.
2024-01-25 11:00:31.1007 | DESKTOP-9VG6H90 | 30820 | iisexpress | Info | LoggerService.LoggerManager | Here is info message from the controller.
2024-01-25 11:00:31.1007 | DESKTOP-9VG6H90 | 30820 | iisexpress | Debug | LoggerService.LoggerManager | Here is debug message from the controller.
2024-01-25 11:00:31.1007 | DESKTOP-9VG6H90 | 30820 | iisexpress | Warn | LoggerService.LoggerManager | Here is warn message from the controller.
2024-01-25 11:00:31.1007 | DESKTOP-9VG6H90 | 30820 | iisexpress | Error | LoggerService.LoggerManager | Here is error message from the controller.
2024-01-25 11:00:33.1851 | DESKTOP-9VG6H90 | 30820 | iisexpress | Info | LoggerService.LoggerManager | Here is info message from the controller.
2024-01-25 11:00:33.1851 | DESKTOP-9VG6H90 | 30820 | iisexpress | Debug | LoggerService.LoggerManager | Here is debug message from the controller.
2024-01-25 11:00:33.1851 | DESKTOP-9VG6H90 | 30820 | iisexpress | Warn | LoggerService.LoggerManager | Here is warn message from the controller.
2024-01-25 11:00:33.1851 | DESKTOP-9VG6H90 | 30820 | iisexpress | Error | LoggerService.LoggerManager | Here is error message from the controller.
2024-01-25 11:00:39.0178 | DESKTOP-9VG6H90 | 30820 | iisexpress | Info | LoggerService.LoggerManager | Here is info message from the controller.
2024-01-25 11:00:39.0178 | DESKTOP-9VG6H90 | 30820 | iisexpress | Debug | LoggerService.LoggerManager | Here is debug message from the controller.
2024-01-25 11:00:39.0178 | DESKTOP-9VG6H90 | 30820 | iisexpress | Warn | LoggerService.LoggerManager | Here is warn message from the controller.
2024-01-25 11:00:39.0178 | DESKTOP-9VG6H90 | 30820 | iisexpress | Error | LoggerService.LoggerManager | Here is error message from the controller.
2024-01-25 11:06:58.8030 | DESKTOP-9VG6H90 | 30820 | iisexpress | Info | LoggerService.LoggerManager | Here is info message from the controller.
2024-01-25 11:06:58.8030 | DESKTOP-9VG6H90 | 30820 | iisexpress | Debug | LoggerService.LoggerManager | Here is debug message from the controller.
2024-01-25 11:06:58.8030 | DESKTOP-9VG6H90 | 30820 | iisexpress | Warn | LoggerService.LoggerManager | Here is warn message from the controller.
2024-01-25 11:06:58.8030 | DESKTOP-9VG6H90 | 30820 | iisexpress | Error | LoggerService.LoggerManager | Here is error message from the controller.
2024-01-25 11:07:02.6054 | DESKTOP-9VG6H90 | 30820 | iisexpress | Info | LoggerService.LoggerManager | Here is info message from the controller.
2024-01-25 11:07:02.6054 | DESKTOP-9VG6H90 | 30820 | iisexpress | Debug | LoggerService.LoggerManager | Here is debug message from the controller.
2024-01-25 11:07:02.6054 | DESKTOP-9VG6H90 | 30820 | iisexpress | Warn | LoggerService.LoggerManager | Here is warn message from the controller.
2024-01-25 11:07:02.6054 | DESKTOP-9VG6H90 | 30820 | iisexpress | Error | LoggerService.LoggerManager | Here is error message from the controller.
2024-01-25 11:30:38.5941 | DESKTOP-9VG6H90 | 30820 | iisexpress | Info | LoggerService.LoggerManager | Here is info message from the controller.
2024-01-25 11:30:38.5941 | DESKTOP-9VG6H90 | 30820 | iisexpress | Debug | LoggerService.LoggerManager | Here is debug message from the controller.
2024-01-25 11:30:38.5941 | DESKTOP-9VG6H90 | 30820 | iisexpress | Warn | LoggerService.LoggerManager | Here is warn message from the controller.
2024-01-25 11:30:38.5941 | DESKTOP-9VG6H90 | 30820 | iisexpress | Error | LoggerService.LoggerManager | Here is error message from the controller.
2024-01-25 11:30:48.2683 | DESKTOP-9VG6H90 | 30820 | iisexpress | Info | LoggerService.LoggerManager | Here is info message from the controller.
2024-01-25 11:30:48.2683 | DESKTOP-9VG6H90 | 30820 | iisexpress | Debug | LoggerService.LoggerManager | Here is debug message from the controller.
2024-01-25 11:30:48.2683 | DESKTOP-9VG6H90 | 30820 | iisexpress | Warn | LoggerService.LoggerManager | Here is warn message from the controller.
2024-01-25 11:30:48.2683 | DESKTOP-9VG6H90 | 30820 | iisexpress | Error | LoggerService.LoggerManager | Here is error message from the controller.
2024-01-25 11:30:51.0237 | DESKTOP-9VG6H90 | 30820 | iisexpress | Info | LoggerService.LoggerManager | Here is info message from the controller.
2024-01-25 11:30:51.0237 | DESKTOP-9VG6H90 | 30820 | iisexpress | Debug | LoggerService.LoggerManager | Here is debug message from the controller.
2024-01-25 11:30:51.0237 | DESKTOP-9VG6H90 | 30820 | iisexpress | Warn | LoggerService.LoggerManager | Here is warn message from the controller.
2024-01-25 11:30:51.0237 | DESKTOP-9VG6H90 | 30820 | iisexpress | Error | LoggerService.LoggerManager | Here is error message from the controller.
2024-01-25 11:31:35.4797 | DESKTOP-9VG6H90 | 30820 | iisexpress | Info | LoggerService.LoggerManager | Here is info message from the controller.
2024-01-25 11:31:35.4797 | DESKTOP-9VG6H90 | 30820 | iisexpress | Debug | LoggerService.LoggerManager | Here is debug message from the controller.
2024-01-25 11:31:35.4797 | DESKTOP-9VG6H90 | 30820 | iisexpress | Warn | LoggerService.LoggerManager | Here is warn message from the controller.
2024-01-25 11:31:35.4797 | DESKTOP-9VG6H90 | 30820 | iisexpress | Error | LoggerService.LoggerManager | Here is error message from the controller.
2024-01-25 11:32:44.6626 | DESKTOP-9VG6H90 | 30820 | iisexpress | Info | LoggerService.LoggerManager | Here is info message from the controller.
2024-01-25 11:32:44.6626 | DESKTOP-9VG6H90 | 30820 | iisexpress | Debug | LoggerService.LoggerManager | Here is debug message from the controller.
2024-01-25 11:32:44.6626 | DESKTOP-9VG6H90 | 30820 | iisexpress | Warn | LoggerService.LoggerManager | Here is warn message from the controller.
2024-01-25 11:32:44.6626 | DESKTOP-9VG6H90 | 30820 | iisexpress | Error | LoggerService.LoggerManager | Here is error message from the controller.
2024-01-25 11:32:47.0507 | DESKTOP-9VG6H90 | 30820 | iisexpress | Info | LoggerService.LoggerManager | Here is info message from the controller.
2024-01-25 11:32:47.0507 | DESKTOP-9VG6H90 | 30820 | iisexpress | Debug | LoggerService.LoggerManager | Here is debug message from the controller.
2024-01-25 11:32:47.0507 | DESKTOP-9VG6H90 | 30820 | iisexpress | Warn | LoggerService.LoggerManager | Here is warn message from the controller.
2024-01-25 11:32:47.0507 | DESKTOP-9VG6H90 | 30820 | iisexpress | Error | LoggerService.LoggerManager | Here is error message from the controller.
2024-01-25 11:32:49.3364 | DESKTOP-9VG6H90 | 30820 | iisexpress | Info | LoggerService.LoggerManager | Here is info message from the controller.
2024-01-25 11:32:49.3364 | DESKTOP-9VG6H90 | 30820 | iisexpress | Debug | LoggerService.LoggerManager | Here is debug message from the controller.
2024-01-25 11:32:49.3364 | DESKTOP-9VG6H90 | 30820 | iisexpress | Warn | LoggerService.LoggerManager | Here is warn message from the controller.
2024-01-25 11:32:49.3364 | DESKTOP-9VG6H90 | 30820 | iisexpress | Error | LoggerService.LoggerManager | Here is error message from the controller.
2024-01-25 11:32:50.1743 | DESKTOP-9VG6H90 | 30820 | iisexpress | Info | LoggerService.LoggerManager | Here is info message from the controller.
2024-01-25 11:32:50.1743 | DESKTOP-9VG6H90 | 30820 | iisexpress | Debug | LoggerService.LoggerManager | Here is debug message from the controller.
2024-01-25 11:32:50.1743 | DESKTOP-9VG6H90 | 30820 | iisexpress | Warn | LoggerService.LoggerManager | Here is warn message from the controller.
2024-01-25 11:32:50.1743 | DESKTOP-9VG6H90 | 30820 | iisexpress | Error | LoggerService.LoggerManager | Here is error message from the controller.
2024-01-25 11:35:33.5447 | DESKTOP-9VG6H90 | 30820 | iisexpress | Info | LoggerService.LoggerManager | Here is info message from the controller.
2024-01-25 11:35:33.5447 | DESKTOP-9VG6H90 | 30820 | iisexpress | Debug | LoggerService.LoggerManager | Here is debug message from the controller.
2024-01-25 11:35:33.5447 | DESKTOP-9VG6H90 | 30820 | iisexpress | Warn | LoggerService.LoggerManager | Here is warn message from the controller.
2024-01-25 11:35:33.5447 | DESKTOP-9VG6H90 | 30820 | iisexpress | Error | LoggerService.LoggerManager | Here is error message from the controller.
2024-01-25 11:41:35.5616 | DESKTOP-9VG6H90 | 30820 | iisexpress | Info | LoggerService.LoggerManager | Here is info message from the controller.
2024-01-25 11:41:35.5616 | DESKTOP-9VG6H90 | 30820 | iisexpress | Debug | LoggerService.LoggerManager | Here is debug message from the controller.
2024-01-25 11:41:35.5616 | DESKTOP-9VG6H90 | 30820 | iisexpress | Warn | LoggerService.LoggerManager | Here is warn message from the controller.
2024-01-25 11:41:35.5616 | DESKTOP-9VG6H90 | 30820 | iisexpress | Error | LoggerService.LoggerManager | Here is error message from the controller.
2024-01-25 11:42:17.3272 | DESKTOP-9VG6H90 | 30820 | iisexpress | Info | LoggerService.LoggerManager | Here is info message from the controller.
2024-01-25 11:42:17.3272 | DESKTOP-9VG6H90 | 30820 | iisexpress | Debug | LoggerService.LoggerManager | Here is debug message from the controller.
2024-01-25 11:42:17.3272 | DESKTOP-9VG6H90 | 30820 | iisexpress | Warn | LoggerService.LoggerManager | Here is warn message from the controller.
2024-01-25 11:42:17.3272 | DESKTOP-9VG6H90 | 30820 | iisexpress | Error | LoggerService.LoggerManager | Here is error message from the controller.
2024-01-25 11:42:19.5848 | DESKTOP-9VG6H90 | 30820 | iisexpress | Info | LoggerService.LoggerManager | Here is info message from the controller.
2024-01-25 11:42:19.5848 | DESKTOP-9VG6H90 | 30820 | iisexpress | Debug | LoggerService.LoggerManager | Here is debug message from the controller.
2024-01-25 11:42:19.5848 | DESKTOP-9VG6H90 | 30820 | iisexpress | Warn | LoggerService.LoggerManager | Here is warn message from the controller.
2024-01-25 11:42:19.5848 | DESKTOP-9VG6H90 | 30820 | iisexpress | Error | LoggerService.LoggerManager | Here is error message from the controller.
2024-01-25 11:42:21.1019 | DESKTOP-9VG6H90 | 30820 | iisexpress | Info | LoggerService.LoggerManager | Here is info message from the controller.
2024-01-25 11:42:21.1019 | DESKTOP-9VG6H90 | 30820 | iisexpress | Debug | LoggerService.LoggerManager | Here is debug message from the controller.
2024-01-25 11:42:21.1019 | DESKTOP-9VG6H90 | 30820 | iisexpress | Warn | LoggerService.LoggerManager | Here is warn message from the controller.
2024-01-25 11:42:21.1019 | DESKTOP-9VG6H90 | 30820 | iisexpress | Error | LoggerService.LoggerManager | Here is error message from the controller.
2024-01-25 11:43:28.3470 | DESKTOP-9VG6H90 | 30820 | iisexpress | Info | LoggerService.LoggerManager | Here is info message from the controller.
2024-01-25 11:43:28.3470 | DESKTOP-9VG6H90 | 30820 | iisexpress | Debug | LoggerService.LoggerManager | Here is debug message from the controller.
2024-01-25 11:43:28.3470 | DESKTOP-9VG6H90 | 30820 | iisexpress | Warn | LoggerService.LoggerManager | Here is warn message from the controller.
2024-01-25 11:43:28.3470 | DESKTOP-9VG6H90 | 30820 | iisexpress | Error | LoggerService.LoggerManager | Here is error message from the controller.
2024-01-25 11:57:45.1692 | DESKTOP-9VG6H90 | 30820 | iisexpress | Info | LoggerService.LoggerManager | Here is info message from the controller.
2024-01-25 11:57:45.1692 | DESKTOP-9VG6H90 | 30820 | iisexpress | Debug | LoggerService.LoggerManager | Here is debug message from the controller.
2024-01-25 11:57:45.1692 | DESKTOP-9VG6H90 | 30820 | iisexpress | Warn | LoggerService.LoggerManager | Here is warn message from the controller.
2024-01-25 11:57:45.1692 | DESKTOP-9VG6H90 | 30820 | iisexpress | Error | LoggerService.LoggerManager | Here is error message from the controller.
2024-01-25 11:58:08.8627 | DESKTOP-9VG6H90 | 30820 | iisexpress | Info | LoggerService.LoggerManager | Here is info message from the controller.
2024-01-25 11:58:08.8627 | DESKTOP-9VG6H90 | 30820 | iisexpress | Debug | LoggerService.LoggerManager | Here is debug message from the controller.
2024-01-25 11:58:08.8627 | DESKTOP-9VG6H90 | 30820 | iisexpress | Warn | LoggerService.LoggerManager | Here is warn message from the controller.
2024-01-25 11:58:08.8627 | DESKTOP-9VG6H90 | 30820 | iisexpress | Error | LoggerService.LoggerManager | Here is error message from the controller.
2024-01-25 11:59:55.8058 | DESKTOP-9VG6H90 | 30820 | iisexpress | Info | LoggerService.LoggerManager | Here is info message from the controller.
2024-01-25 11:59:55.8058 | DESKTOP-9VG6H90 | 30820 | iisexpress | Debug | LoggerService.LoggerManager | Here is debug message from the controller.
2024-01-25 11:59:55.8058 | DESKTOP-9VG6H90 | 30820 | iisexpress | Warn | LoggerService.LoggerManager | Here is warn message from the controller.
2024-01-25 11:59:55.8058 | DESKTOP-9VG6H90 | 30820 | iisexpress | Error | LoggerService.LoggerManager | Here is error message from the controller.
2024-01-25 12:05:58.5253 | DESKTOP-9VG6H90 | 30820 | iisexpress | Info | LoggerService.LoggerManager | Here is info message from the controller.
2024-01-25 12:05:58.5253 | DESKTOP-9VG6H90 | 30820 | iisexpress | Debug | LoggerService.LoggerManager | Here is debug message from the controller.
2024-01-25 12:05:58.5253 | DESKTOP-9VG6H90 | 30820 | iisexpress | Warn | LoggerService.LoggerManager | Here is warn message from the controller.
2024-01-25 12:05:58.5253 | DESKTOP-9VG6H90 | 30820 | iisexpress | Error | LoggerService.LoggerManager | Here is error message from the controller.
2024-01-25 12:06:00.7381 | DESKTOP-9VG6H90 | 30820 | iisexpress | Info | LoggerService.LoggerManager | Here is info message from the controller.
2024-01-25 12:06:00.7381 | DESKTOP-9VG6H90 | 30820 | iisexpress | Debug | LoggerService.LoggerManager | Here is debug message from the controller.
2024-01-25 12:06:00.7381 | DESKTOP-9VG6H90 | 30820 | iisexpress | Warn | LoggerService.LoggerManager | Here is warn message from the controller.
2024-01-25 12:06:00.7381 | DESKTOP-9VG6H90 | 30820 | iisexpress | Error | LoggerService.LoggerManager | Here is error message from the controller.
2024-01-25 12:07:34.7367 | DESKTOP-9VG6H90 | 30820 | iisexpress | Info | LoggerService.LoggerManager | Here is info message from the controller.
2024-01-25 12:07:34.7367 | DESKTOP-9VG6H90 | 30820 | iisexpress | Debug | LoggerService.LoggerManager | Here is debug message from the controller.
2024-01-25 12:07:34.7367 | DESKTOP-9VG6H90 | 30820 | iisexpress | Warn | LoggerService.LoggerManager | Here is warn message from the controller.
2024-01-25 12:07:34.7367 | DESKTOP-9VG6H90 | 30820 | iisexpress | Error | LoggerService.LoggerManager | Here is error message from the controller.
2024-01-25 12:07:37.1242 | DESKTOP-9VG6H90 | 30820 | iisexpress | Info | LoggerService.LoggerManager | Here is info message from the controller.
2024-01-25 12:07:37.1242 | DESKTOP-9VG6H90 | 30820 | iisexpress | Debug | LoggerService.LoggerManager | Here is debug message from the controller.
2024-01-25 12:07:37.1242 | DESKTOP-9VG6H90 | 30820 | iisexpress | Warn | LoggerService.LoggerManager | Here is warn message from the controller.
2024-01-25 12:07:37.1242 | DESKTOP-9VG6H90 | 30820 | iisexpress | Error | LoggerService.LoggerManager | Here is error message from the controller.
2024-01-25 12:08:24.1479 | DESKTOP-9VG6H90 | 30820 | iisexpress | Info | LoggerService.LoggerManager | Here is info message from the controller.
2024-01-25 12:08:24.1479 | DESKTOP-9VG6H90 | 30820 | iisexpress | Debug | LoggerService.LoggerManager | Here is debug message from the controller.
2024-01-25 12:08:24.1479 | DESKTOP-9VG6H90 | 30820 | iisexpress | Warn | LoggerService.LoggerManager | Here is warn message from the controller.
2024-01-25 12:08:24.1479 | DESKTOP-9VG6H90 | 30820 | iisexpress | Error | LoggerService.LoggerManager | Here is error message from the controller.
2024-01-25 12:08:41.5210 | DESKTOP-9VG6H90 | 30820 | iisexpress | Info | LoggerService.LoggerManager | Here is info message from the controller.
2024-01-25 12:08:41.5210 | DESKTOP-9VG6H90 | 30820 | iisexpress | Debug | LoggerService.LoggerManager | Here is debug message from the controller.
2024-01-25 12:08:41.5210 | DESKTOP-9VG6H90 | 30820 | iisexpress | Warn | LoggerService.LoggerManager | Here is warn message from the controller.
2024-01-25 12:08:41.5210 | DESKTOP-9VG6H90 | 30820 | iisexpress | Error | LoggerService.LoggerManager | Here is error message from the controller.
2024-01-25 12:08:45.4566 | DESKTOP-9VG6H90 | 30820 | iisexpress | Info | LoggerService.LoggerManager | Here is info message from the controller.
2024-01-25 12:08:45.4566 | DESKTOP-9VG6H90 | 30820 | iisexpress | Debug | LoggerService.LoggerManager | Here is debug message from the controller.
2024-01-25 12:08:45.4566 | DESKTOP-9VG6H90 | 30820 | iisexpress | Warn | LoggerService.LoggerManager | Here is warn message from the controller.
2024-01-25 12:08:45.4566 | DESKTOP-9VG6H90 | 30820 | iisexpress | Error | LoggerService.LoggerManager | Here is error message from the controller.
2024-01-25 12:08:48.7757 | DESKTOP-9VG6H90 | 30820 | iisexpress | Info | LoggerService.LoggerManager | Here is info message from the controller.
2024-01-25 12:08:48.7757 | DESKTOP-9VG6H90 | 30820 | iisexpress | Debug | LoggerService.LoggerManager | Here is debug message from the controller.
2024-01-25 12:08:48.7757 | DESKTOP-9VG6H90 | 30820 | iisexpress | Warn | LoggerService.LoggerManager | Here is warn message from the controller.
2024-01-25 12:08:48.7757 | DESKTOP-9VG6H90 | 30820 | iisexpress | Error | LoggerService.LoggerManager | Here is error message from the controller.
2024-01-25 12:10:10.0077 | DESKTOP-9VG6H90 | 30820 | iisexpress | Info | LoggerService.LoggerManager | Here is info message from the controller.
2024-01-25 12:10:10.0077 | DESKTOP-9VG6H90 | 30820 | iisexpress | Debug | LoggerService.LoggerManager | Here is debug message from the controller.
2024-01-25 12:10:10.0077 | DESKTOP-9VG6H90 | 30820 | iisexpress | Warn | LoggerService.LoggerManager | Here is warn message from the controller.
2024-01-25 12:10:10.0077 | DESKTOP-9VG6H90 | 30820 | iisexpress | Error | LoggerService.LoggerManager | Here is error message from the controller.
2024-01-25 12:10:34.7336 | DESKTOP-9VG6H90 | 30820 | iisexpress | Info | LoggerService.LoggerManager | Here is info message from the controller.
2024-01-25 12:10:34.7336 | DESKTOP-9VG6H90 | 30820 | iisexpress | Debug | LoggerService.LoggerManager | Here is debug message from the controller.
2024-01-25 12:10:34.7336 | DESKTOP-9VG6H90 | 30820 | iisexpress | Warn | LoggerService.LoggerManager | Here is warn message from the controller.
2024-01-25 12:10:34.7336 | DESKTOP-9VG6H90 | 30820 | iisexpress | Error | LoggerService.LoggerManager | Here is error message from the controller.
2024-01-25 12:10:36.9380 | DESKTOP-9VG6H90 | 30820 | iisexpress | Info | LoggerService.LoggerManager | Here is info message from the controller.
2024-01-25 12:10:36.9380 | DESKTOP-9VG6H90 | 30820 | iisexpress | Debug | LoggerService.LoggerManager | Here is debug message from the controller.
2024-01-25 12:10:36.9380 | DESKTOP-9VG6H90 | 30820 | iisexpress | Warn | LoggerService.LoggerManager | Here is warn message from the controller.
2024-01-25 12:10:36.9380 | DESKTOP-9VG6H90 | 30820 | iisexpress | Error | LoggerService.LoggerManager | Here is error message from the controller.
2024-01-25 12:10:52.8187 | DESKTOP-9VG6H90 | 30820 | iisexpress | Info | LoggerService.LoggerManager | Here is info message from the controller.
2024-01-25 12:10:52.8187 | DESKTOP-9VG6H90 | 30820 | iisexpress | Debug | LoggerService.LoggerManager | Here is debug message from the controller.
2024-01-25 12:10:52.8187 | DESKTOP-9VG6H90 | 30820 | iisexpress | Warn | LoggerService.LoggerManager | Here is warn message from the controller.
2024-01-25 12:10:52.8187 | DESKTOP-9VG6H90 | 30820 | iisexpress | Error | LoggerService.LoggerManager | Here is error message from the controller.
2024-01-25 12:11:02.7048 | DESKTOP-9VG6H90 | 30820 | iisexpress | Info | LoggerService.LoggerManager | Here is info message from the controller.
2024-01-25 12:11:02.7048 | DESKTOP-9VG6H90 | 30820 | iisexpress | Debug | LoggerService.LoggerManager | Here is debug message from the controller.
2024-01-25 12:11:02.7048 | DESKTOP-9VG6H90 | 30820 | iisexpress | Warn | LoggerService.LoggerManager | Here is warn message from the controller.
2024-01-25 12:11:02.7048 | DESKTOP-9VG6H90 | 30820 | iisexpress | Error | LoggerService.LoggerManager | Here is error message from the controller.
2024-01-25 12:11:35.8420 | DESKTOP-9VG6H90 | 30820 | iisexpress | Info | LoggerService.LoggerManager | Here is info message from the controller.
2024-01-25 12:11:35.8420 | DESKTOP-9VG6H90 | 30820 | iisexpress | Debug | LoggerService.LoggerManager | Here is debug message from the controller.
2024-01-25 12:11:35.8420 | DESKTOP-9VG6H90 | 30820 | iisexpress | Warn | LoggerService.LoggerManager | Here is warn message from the controller.
2024-01-25 12:11:35.8420 | DESKTOP-9VG6H90 | 30820 | iisexpress | Error | LoggerService.LoggerManager | Here is error message from the controller.
2024-01-25 12:11:41.1731 | DESKTOP-9VG6H90 | 30820 | iisexpress | Info | LoggerService.LoggerManager | Here is info message from the controller.
2024-01-25 12:11:41.1731 | DESKTOP-9VG6H90 | 30820 | iisexpress | Debug | LoggerService.LoggerManager | Here is debug message from the controller.
2024-01-25 12:11:41.1731 | DESKTOP-9VG6H90 | 30820 | iisexpress | Warn | LoggerService.LoggerManager | Here is warn message from the controller.
2024-01-25 12:11:41.1731 | DESKTOP-9VG6H90 | 30820 | iisexpress | Error | LoggerService.LoggerManager | Here is error message from the controller.
2024-01-25 12:12:33.7263 | DESKTOP-9VG6H90 | 30820 | iisexpress | Info | LoggerService.LoggerManager | Here is info message from the controller.
2024-01-25 12:12:33.7263 | DESKTOP-9VG6H90 | 30820 | iisexpress | Debug | LoggerService.LoggerManager | Here is debug message from the controller.
2024-01-25 12:12:33.7263 | DESKTOP-9VG6H90 | 30820 | iisexpress | Warn | LoggerService.LoggerManager | Here is warn message from the controller.
2024-01-25 12:12:33.7263 | DESKTOP-9VG6H90 | 30820 | iisexpress | Error | LoggerService.LoggerManager | Here is error message from the controller.
2024-01-25 12:12:43.1099 | DESKTOP-9VG6H90 | 30820 | iisexpress | Info | LoggerService.LoggerManager | Here is info message from the controller.
2024-01-25 12:12:43.1099 | DESKTOP-9VG6H90 | 30820 | iisexpress | Debug | LoggerService.LoggerManager | Here is debug message from the controller.
2024-01-25 12:12:43.1099 | DESKTOP-9VG6H90 | 30820 | iisexpress | Warn | LoggerService.LoggerManager | Here is warn message from the controller.
2024-01-25 12:12:43.1099 | DESKTOP-9VG6H90 | 30820 | iisexpress | Error | LoggerService.LoggerManager | Here is error message from the controller.
2024-01-25 12:12:48.6190 | DESKTOP-9VG6H90 | 30820 | iisexpress | Info | LoggerService.LoggerManager | Here is info message from the controller.
2024-01-25 12:12:48.6190 | DESKTOP-9VG6H90 | 30820 | iisexpress | Debug | LoggerService.LoggerManager | Here is debug message from the controller.
2024-01-25 12:12:48.6190 | DESKTOP-9VG6H90 | 30820 | iisexpress | Warn | LoggerService.LoggerManager | Here is warn message from the controller.
2024-01-25 12:12:48.6190 | DESKTOP-9VG6H90 | 30820 | iisexpress | Error | LoggerService.LoggerManager | Here is error message from the controller.
2024-01-25 12:13:02.4001 | DESKTOP-9VG6H90 | 30820 | iisexpress | Info | LoggerService.LoggerManager | Here is info message from the controller.
2024-01-25 12:13:02.4001 | DESKTOP-9VG6H90 | 30820 | iisexpress | Debug | LoggerService.LoggerManager | Here is debug message from the controller.
2024-01-25 12:13:02.4001 | DESKTOP-9VG6H90 | 30820 | iisexpress | Warn | LoggerService.LoggerManager | Here is warn message from the controller.
2024-01-25 12:13:02.4001 | DESKTOP-9VG6H90 | 30820 | iisexpress | Error | LoggerService.LoggerManager | Here is error message from the controller.
2024-01-25 12:14:15.9853 | DESKTOP-9VG6H90 | 30820 | iisexpress | Info | LoggerService.LoggerManager | Here is info message from the controller.
2024-01-25 12:14:15.9853 | DESKTOP-9VG6H90 | 30820 | iisexpress | Debug | LoggerService.LoggerManager | Here is debug message from the controller.
2024-01-25 12:14:15.9853 | DESKTOP-9VG6H90 | 30820 | iisexpress | Warn | LoggerService.LoggerManager | Here is warn message from the controller.
2024-01-25 12:14:15.9853 | DESKTOP-9VG6H90 | 30820 | iisexpress | Error | LoggerService.LoggerManager | Here is error message from the controller.
2024-01-25 12:14:17.9587 | DESKTOP-9VG6H90 | 30820 | iisexpress | Info | LoggerService.LoggerManager | Here is info message from the controller.
2024-01-25 12:14:17.9587 | DESKTOP-9VG6H90 | 30820 | iisexpress | Debug | LoggerService.LoggerManager | Here is debug message from the controller.
2024-01-25 12:14:17.9587 | DESKTOP-9VG6H90 | 30820 | iisexpress | Warn | LoggerService.LoggerManager | Here is warn message from the controller.
2024-01-25 12:14:17.9587 | DESKTOP-9VG6H90 | 30820 | iisexpress | Error | LoggerService.LoggerManager | Here is error message from the controller.
2024-01-25 12:14:19.7420 | DESKTOP-9VG6H90 | 30820 | iisexpress | Info | LoggerService.LoggerManager | Here is info message from the controller.
2024-01-25 12:14:19.7420 | DESKTOP-9VG6H90 | 30820 | iisexpress | Debug | LoggerService.LoggerManager | Here is debug message from the controller.
2024-01-25 12:14:19.7420 | DESKTOP-9VG6H90 | 30820 | iisexpress | Warn | LoggerService.LoggerManager | Here is warn message from the controller.
2024-01-25 12:14:19.7420 | DESKTOP-9VG6H90 | 30820 | iisexpress | Error | LoggerService.LoggerManager | Here is error message from the controller.
2024-01-25 12:14:20.4842 | DESKTOP-9VG6H90 | 30820 | iisexpress | Info | LoggerService.LoggerManager | Here is info message from the controller.
2024-01-25 12:14:20.4842 | DESKTOP-9VG6H90 | 30820 | iisexpress | Debug | LoggerService.LoggerManager | Here is debug message from the controller.
2024-01-25 12:14:20.4842 | DESKTOP-9VG6H90 | 30820 | iisexpress | Warn | LoggerService.LoggerManager | Here is warn message from the controller.
2024-01-25 12:14:20.4842 | DESKTOP-9VG6H90 | 30820 | iisexpress | Error | LoggerService.LoggerManager | Here is error message from the controller.
2024-01-25 12:14:20.7307 | DESKTOP-9VG6H90 | 30820 | iisexpress | Info | LoggerService.LoggerManager | Here is info message from the controller.
2024-01-25 12:14:20.7307 | DESKTOP-9VG6H90 | 30820 | iisexpress | Debug | LoggerService.LoggerManager | Here is debug message from the controller.
2024-01-25 12:14:20.7307 | DESKTOP-9VG6H90 | 30820 | iisexpress | Warn | LoggerService.LoggerManager | Here is warn message from the controller.
2024-01-25 12:14:20.7307 | DESKTOP-9VG6H90 | 30820 | iisexpress | Error | LoggerService.LoggerManager | Here is error message from the controller.
2024-01-25 12:14:20.8850 | DESKTOP-9VG6H90 | 30820 | iisexpress | Info | LoggerService.LoggerManager | Here is info message from the controller.
2024-01-25 12:14:20.8850 | DESKTOP-9VG6H90 | 30820 | iisexpress | Debug | LoggerService.LoggerManager | Here is debug message from the controller.
2024-01-25 12:14:20.8850 | DESKTOP-9VG6H90 | 30820 | iisexpress | Warn | LoggerService.LoggerManager | Here is warn message from the controller.
2024-01-25 12:14:20.8850 | DESKTOP-9VG6H90 | 30820 | iisexpress | Error | LoggerService.LoggerManager | Here is error message from the controller.
2024-01-25 12:15:20.2223 | DESKTOP-9VG6H90 | 28176 | iisexpress | Info | LoggerService.LoggerManager | Here is info message from the controller.
2024-01-25 12:15:20.2557 | DESKTOP-9VG6H90 | 28176 | iisexpress | Debug | LoggerService.LoggerManager | Here is debug message from the controller.
2024-01-25 12:15:20.2557 | DESKTOP-9VG6H90 | 28176 | iisexpress | Warn | LoggerService.LoggerManager | Here is warn message from the controller.
2024-01-25 12:15:20.2557 | DESKTOP-9VG6H90 | 28176 | iisexpress | Error | LoggerService.LoggerManager | Here is error message from the controller.
2024-01-25 12:15:34.2563 | DESKTOP-9VG6H90 | 28176 | iisexpress | Info | LoggerService.LoggerManager | Here is info message from the controller.
2024-01-25 12:15:34.2563 | DESKTOP-9VG6H90 | 28176 | iisexpress | Debug | LoggerService.LoggerManager | Here is debug message from the controller.
2024-01-25 12:15:34.2563 | DESKTOP-9VG6H90 | 28176 | iisexpress | Warn | LoggerService.LoggerManager | Here is warn message from the controller.
2024-01-25 12:15:34.2563 | DESKTOP-9VG6H90 | 28176 | iisexpress | Error | LoggerService.LoggerManager | Here is error message from the controller.
2024-01-25 12:15:35.7437 | DESKTOP-9VG6H90 | 28176 | iisexpress | Info | LoggerService.LoggerManager | Here is info message from the controller.
2024-01-25 12:15:35.7437 | DESKTOP-9VG6H90 | 28176 | iisexpress | Debug | LoggerService.LoggerManager | Here is debug message from the controller.
2024-01-25 12:15:35.7437 | DESKTOP-9VG6H90 | 28176 | iisexpress | Warn | LoggerService.LoggerManager | Here is warn message from the controller.
2024-01-25 12:15:35.7437 | DESKTOP-9VG6H90 | 28176 | iisexpress | Error | LoggerService.LoggerManager | Here is error message from the controller.
2024-01-25 12:15:36.4381 | DESKTOP-9VG6H90 | 28176 | iisexpress | Info | LoggerService.LoggerManager | Here is info message from the controller.
2024-01-25 12:15:36.4381 | DESKTOP-9VG6H90 | 28176 | iisexpress | Debug | LoggerService.LoggerManager | Here is debug message from the controller.
2024-01-25 12:15:36.4381 | DESKTOP-9VG6H90 | 28176 | iisexpress | Warn | LoggerService.LoggerManager | Here is warn message from the controller.
2024-01-25 12:15:36.4381 | DESKTOP-9VG6H90 | 28176 | iisexpress | Error | LoggerService.LoggerManager | Here is error message from the controller.
2024-01-25 12:17:22.3389 | DESKTOP-9VG6H90 | 28860 | iisexpress | Info | LoggerService.LoggerManager | Here is info message from the controller.
2024-01-25 12:17:22.3604 | DESKTOP-9VG6H90 | 28860 | iisexpress | Debug | LoggerService.LoggerManager | Here is debug message from the controller.
2024-01-25 12:17:22.3604 | DESKTOP-9VG6H90 | 28860 | iisexpress | Warn | LoggerService.LoggerManager | Here is warn message from the controller.
2024-01-25 12:17:22.3604 | DESKTOP-9VG6H90 | 28860 | iisexpress | Error | LoggerService.LoggerManager | Here is error message from the controller.
2024-01-25 12:21:53.6672 | DESKTOP-9VG6H90 | 28860 | iisexpress | Info | LoggerService.LoggerManager | Here is info message from the controller.
2024-01-25 12:21:53.6672 | DESKTOP-9VG6H90 | 28860 | iisexpress | Debug | LoggerService.LoggerManager | Here is debug message from the controller.
2024-01-25 12:21:53.6672 | DESKTOP-9VG6H90 | 28860 | iisexpress | Warn | LoggerService.LoggerManager | Here is warn message from the controller.
2024-01-25 12:21:53.6672 | DESKTOP-9VG6H90 | 28860 | iisexpress | Error | LoggerService.LoggerManager | Here is error message from the controller.
2024-01-25 12:21:56.7011 | DESKTOP-9VG6H90 | 28860 | iisexpress | Info | LoggerService.LoggerManager | Here is info message from the controller.
2024-01-25 12:21:56.7011 | DESKTOP-9VG6H90 | 28860 | iisexpress | Debug | LoggerService.LoggerManager | Here is debug message from the controller.
2024-01-25 12:21:56.7011 | DESKTOP-9VG6H90 | 28860 | iisexpress | Warn | LoggerService.LoggerManager | Here is warn message from the controller.
2024-01-25 12:21:56.7011 | DESKTOP-9VG6H90 | 28860 | iisexpress | Error | LoggerService.LoggerManager | Here is error message from the controller.
2024-01-25 12:22:47.5012 | DESKTOP-9VG6H90 | 28860 | iisexpress | Info | LoggerService.LoggerManager | Here is info message from the controller.
2024-01-25 12:22:47.5012 | DESKTOP-9VG6H90 | 28860 | iisexpress | Debug | LoggerService.LoggerManager | Here is debug message from the controller.
2024-01-25 12:22:47.5012 | DESKTOP-9VG6H90 | 28860 | iisexpress | Warn | LoggerService.LoggerManager | Here is warn message from the controller.
2024-01-25 12:22:47.5012 | DESKTOP-9VG6H90 | 28860 | iisexpress | Error | LoggerService.LoggerManager | Here is error message from the controller.
2024-01-25 12:22:50.2410 | DESKTOP-9VG6H90 | 28860 | iisexpress | Info | LoggerService.LoggerManager | Here is info message from the controller.
2024-01-25 12:22:50.2410 | DESKTOP-9VG6H90 | 28860 | iisexpress | Debug | LoggerService.LoggerManager | Here is debug message from the controller.
2024-01-25 12:22:50.2410 | DESKTOP-9VG6H90 | 28860 | iisexpress | Warn | LoggerService.LoggerManager | Here is warn message from the controller.
2024-01-25 12:22:50.2410 | DESKTOP-9VG6H90 | 28860 | iisexpress | Error | LoggerService.LoggerManager | Here is error message from the controller.
2024-01-25 12:22:53.0395 | DESKTOP-9VG6H90 | 28860 | iisexpress | Info | LoggerService.LoggerManager | Here is info message from the controller.
2024-01-25 12:22:53.0395 | DESKTOP-9VG6H90 | 28860 | iisexpress | Debug | LoggerService.LoggerManager | Here is debug message from the controller.
2024-01-25 12:22:53.0395 | DESKTOP-9VG6H90 | 28860 | iisexpress | Warn | LoggerService.LoggerManager | Here is warn message from the controller.
2024-01-25 12:22:53.0395 | DESKTOP-9VG6H90 | 28860 | iisexpress | Error | LoggerService.LoggerManager | Here is error message from the controller.
2024-01-25 12:23:15.1917 | DESKTOP-9VG6H90 | 28860 | iisexpress | Info | LoggerService.LoggerManager | Here is info message from the controller.
2024-01-25 12:23:15.1917 | DESKTOP-9VG6H90 | 28860 | iisexpress | Debug | LoggerService.LoggerManager | Here is debug message from the controller.
2024-01-25 12:23:15.1917 | DESKTOP-9VG6H90 | 28860 | iisexpress | Warn | LoggerService.LoggerManager | Here is warn message from the controller.
2024-01-25 12:23:15.1917 | DESKTOP-9VG6H90 | 28860 | iisexpress | Error | LoggerService.LoggerManager | Here is error message from the controller.
2024-01-25 12:24:08.5718 | DESKTOP-9VG6H90 | 28860 | iisexpress | Info | LoggerService.LoggerManager | Here is info message from the controller.
2024-01-25 12:24:08.5718 | DESKTOP-9VG6H90 | 28860 | iisexpress | Debug | LoggerService.LoggerManager | Here is debug message from the controller.
2024-01-25 12:24:08.5723 | DESKTOP-9VG6H90 | 28860 | iisexpress | Warn | LoggerService.LoggerManager | Here is warn message from the controller.
2024-01-25 12:24:08.5723 | DESKTOP-9VG6H90 | 28860 | iisexpress | Error | LoggerService.LoggerManager | Here is error message from the controller.
2024-01-25 12:24:37.0929 | DESKTOP-9VG6H90 | 28860 | iisexpress | Info | LoggerService.LoggerManager | Here is info message from the controller.
2024-01-25 12:24:37.0929 | DESKTOP-9VG6H90 | 28860 | iisexpress | Debug | LoggerService.LoggerManager | Here is debug message from the controller.
2024-01-25 12:24:37.0929 | DESKTOP-9VG6H90 | 28860 | iisexpress | Warn | LoggerService.LoggerManager | Here is warn message from the controller.
2024-01-25 12:24:37.0929 | DESKTOP-9VG6H90 | 28860 | iisexpress | Error | LoggerService.LoggerManager | Here is error message from the controller.
2024-01-25 12:24:39.6098 | DESKTOP-9VG6H90 | 28860 | iisexpress | Info | LoggerService.LoggerManager | Here is info message from the controller.
2024-01-25 12:24:39.6098 | DESKTOP-9VG6H90 | 28860 | iisexpress | Debug | LoggerService.LoggerManager | Here is debug message from the controller.
2024-01-25 12:24:39.6098 | DESKTOP-9VG6H90 | 28860 | iisexpress | Warn | LoggerService.LoggerManager | Here is warn message from the controller.
2024-01-25 12:24:39.6098 | DESKTOP-9VG6H90 | 28860 | iisexpress | Error | LoggerService.LoggerManager | Here is error message from the controller.
2024-01-25 12:25:18.1310 | DESKTOP-9VG6H90 | 28860 | iisexpress | Info | LoggerService.LoggerManager | Here is info message from the controller.
2024-01-25 12:25:18.1310 | DESKTOP-9VG6H90 | 28860 | iisexpress | Debug | LoggerService.LoggerManager | Here is debug message from the controller.
2024-01-25 12:25:18.1310 | DESKTOP-9VG6H90 | 28860 | iisexpress | Warn | LoggerService.LoggerManager | Here is warn message from the controller.
2024-01-25 12:25:18.1310 | DESKTOP-9VG6H90 | 28860 | iisexpress | Error | LoggerService.LoggerManager | Here is error message from the controller.
2024-01-25 12:25:20.2961 | DESKTOP-9VG6H90 | 28860 | iisexpress | Info | LoggerService.LoggerManager | Here is info message from the controller.
2024-01-25 12:25:20.2961 | DESKTOP-9VG6H90 | 28860 | iisexpress | Debug | LoggerService.LoggerManager | Here is debug message from the controller.
2024-01-25 12:25:20.2961 | DESKTOP-9VG6H90 | 28860 | iisexpress | Warn | LoggerService.LoggerManager | Here is warn message from the controller.
2024-01-25 12:25:20.2961 | DESKTOP-9VG6H90 | 28860 | iisexpress | Error | LoggerService.LoggerManager | Here is error message from the controller.
2024-01-25 12:25:24.2498 | DESKTOP-9VG6H90 | 28860 | iisexpress | Info | LoggerService.LoggerManager | Here is info message from the controller.
2024-01-25 12:25:24.2498 | DESKTOP-9VG6H90 | 28860 | iisexpress | Debug | LoggerService.LoggerManager | Here is debug message from the controller.
2024-01-25 12:25:24.2498 | DESKTOP-9VG6H90 | 28860 | iisexpress | Warn | LoggerService.LoggerManager | Here is warn message from the controller.
2024-01-25 12:25:24.2498 | DESKTOP-9VG6H90 | 28860 | iisexpress | Error | LoggerService.LoggerManager | Here is error message from the controller.
2024-01-25 12:25:56.6099 | DESKTOP-9VG6H90 | 28860 | iisexpress | Info | LoggerService.LoggerManager | Here is info message from the controller.
2024-01-25 12:25:56.6099 | DESKTOP-9VG6H90 | 28860 | iisexpress | Debug | LoggerService.LoggerManager | Here is debug message from the controller.
2024-01-25 12:25:56.6099 | DESKTOP-9VG6H90 | 28860 | iisexpress | Warn | LoggerService.LoggerManager | Here is warn message from the controller.
2024-01-25 12:25:56.6099 | DESKTOP-9VG6H90 | 28860 | iisexpress | Error | LoggerService.LoggerManager | Here is error message from the controller.
2024-01-25 12:27:03.6285 | DESKTOP-9VG6H90 | 28860 | iisexpress | Info | LoggerService.LoggerManager | Here is info message from the controller.
2024-01-25 12:27:03.6285 | DESKTOP-9VG6H90 | 28860 | iisexpress | Debug | LoggerService.LoggerManager | Here is debug message from the controller.
2024-01-25 12:27:03.6285 | DESKTOP-9VG6H90 | 28860 | iisexpress | Warn | LoggerService.LoggerManager | Here is warn message from the controller.
2024-01-25 12:27:03.6285 | DESKTOP-9VG6H90 | 28860 | iisexpress | Error | LoggerService.LoggerManager | Here is error message from the controller.
2024-01-25 12:27:08.8819 | DESKTOP-9VG6H90 | 28860 | iisexpress | Info | LoggerService.LoggerManager | Here is info message from the controller.
2024-01-25 12:27:08.8819 | DESKTOP-9VG6H90 | 28860 | iisexpress | Debug | LoggerService.LoggerManager | Here is debug message from the controller.
2024-01-25 12:27:08.8819 | DESKTOP-9VG6H90 | 28860 | iisexpress | Warn | LoggerService.LoggerManager | Here is warn message from the controller.
2024-01-25 12:27:08.8819 | DESKTOP-9VG6H90 | 28860 | iisexpress | Error | LoggerService.LoggerManager | Here is error message from the controller.
2024-01-25 12:36:03.9043 | DESKTOP-9VG6H90 | 28860 | iisexpress | Info | LoggerService.LoggerManager | Here is info message from the controller.
2024-01-25 12:36:03.9043 | DESKTOP-9VG6H90 | 28860 | iisexpress | Debug | LoggerService.LoggerManager | Here is debug message from the controller.
2024-01-25 12:36:03.9043 | DESKTOP-9VG6H90 | 28860 | iisexpress | Warn | LoggerService.LoggerManager | Here is warn message from the controller.
2024-01-25 12:36:03.9043 | DESKTOP-9VG6H90 | 28860 | iisexpress | Error | LoggerService.LoggerManager | Here is error message from the controller.
2024-01-25 12:37:35.3482 | DESKTOP-9VG6H90 | 28860 | iisexpress | Info | LoggerService.LoggerManager | Here is info message from the controller.
2024-01-25 12:37:35.3482 | DESKTOP-9VG6H90 | 28860 | iisexpress | Debug | LoggerService.LoggerManager | Here is debug message from the controller.
2024-01-25 12:37:35.3482 | DESKTOP-9VG6H90 | 28860 | iisexpress | Warn | LoggerService.LoggerManager | Here is warn message from the controller.
2024-01-25 12:37:35.3482 | DESKTOP-9VG6H90 | 28860 | iisexpress | Error | LoggerService.LoggerManager | Here is error message from the controller.
2024-01-25 12:37:50.7310 | DESKTOP-9VG6H90 | 28860 | iisexpress | Info | LoggerService.LoggerManager | Here is info message from the controller.
2024-01-25 12:37:50.7310 | DESKTOP-9VG6H90 | 28860 | iisexpress | Debug | LoggerService.LoggerManager | Here is debug message from the controller.
2024-01-25 12:37:50.7310 | DESKTOP-9VG6H90 | 28860 | iisexpress | Warn | LoggerService.LoggerManager | Here is warn message from the controller.
2024-01-25 12:37:50.7310 | DESKTOP-9VG6H90 | 28860 | iisexpress | Error | LoggerService.LoggerManager | Here is error message from the controller.
2024-01-25 12:47:28.4571 | DESKTOP-9VG6H90 | 28860 | iisexpress | Info | LoggerService.LoggerManager | Here is info message from the controller.
2024-01-25 12:47:28.4571 | DESKTOP-9VG6H90 | 28860 | iisexpress | Debug | LoggerService.LoggerManager | Here is debug message from the controller.
2024-01-25 12:47:28.4571 | DESKTOP-9VG6H90 | 28860 | iisexpress | Warn | LoggerService.LoggerManager | Here is warn message from the controller.
2024-01-25 12:47:28.4571 | DESKTOP-9VG6H90 | 28860 | iisexpress | Error | LoggerService.LoggerManager | Here is error message from the controller.
2024-01-25 12:47:32.7072 | DESKTOP-9VG6H90 | 28860 | iisexpress | Info | LoggerService.LoggerManager | Here is info message from the controller.
2024-01-25 12:47:32.7091 | DESKTOP-9VG6H90 | 28860 | iisexpress | Debug | LoggerService.LoggerManager | Here is debug message from the controller.
2024-01-25 12:47:32.7091 | DESKTOP-9VG6H90 | 28860 | iisexpress | Warn | LoggerService.LoggerManager | Here is warn message from the controller.
2024-01-25 12:47:32.7091 | DESKTOP-9VG6H90 | 28860 | iisexpress | Error | LoggerService.LoggerManager | Here is error message from the controller.
2024-01-25 14:06:45.7736 | DESKTOP-9VG6H90 | 28860 | iisexpress | Info | LoggerService.LoggerManager | Here is info message from the controller.
2024-01-25 14:06:45.7736 | DESKTOP-9VG6H90 | 28860 | iisexpress | Debug | LoggerService.LoggerManager | Here is debug message from the controller.
2024-01-25 14:06:45.7736 | DESKTOP-9VG6H90 | 28860 | iisexpress | Warn | LoggerService.LoggerManager | Here is warn message from the controller.
2024-01-25 14:06:45.7736 | DESKTOP-9VG6H90 | 28860 | iisexpress | Error | LoggerService.LoggerManager | Here is error message from the controller.
2024-01-25 14:06:48.0253 | DESKTOP-9VG6H90 | 28860 | iisexpress | Info | LoggerService.LoggerManager | Here is info message from the controller.
2024-01-25 14:06:48.0253 | DESKTOP-9VG6H90 | 28860 | iisexpress | Debug | LoggerService.LoggerManager | Here is debug message from the controller.
2024-01-25 14:06:48.0253 | DESKTOP-9VG6H90 | 28860 | iisexpress | Warn | LoggerService.LoggerManager | Here is warn message from the controller.
2024-01-25 14:06:48.0253 | DESKTOP-9VG6H90 | 28860 | iisexpress | Error | LoggerService.LoggerManager | Here is error message from the controller.
2024-01-25 14:12:24.3680 | DESKTOP-9VG6H90 | 28860 | iisexpress | Info | LoggerService.LoggerManager | Here is info message from the controller.
2024-01-25 14:12:24.3680 | DESKTOP-9VG6H90 | 28860 | iisexpress | Debug | LoggerService.LoggerManager | Here is debug message from the controller.
2024-01-25 14:12:24.3680 | DESKTOP-9VG6H90 | 28860 | iisexpress | Warn | LoggerService.LoggerManager | Here is warn message from the controller.
2024-01-25 14:12:24.3680 | DESKTOP-9VG6H90 | 28860 | iisexpress | Error | LoggerService.LoggerManager | Here is error message from the controller.
2024-01-25 14:12:27.8907 | DESKTOP-9VG6H90 | 28860 | iisexpress | Info | LoggerService.LoggerManager | Here is info message from the controller.
2024-01-25 14:12:27.8907 | DESKTOP-9VG6H90 | 28860 | iisexpress | Debug | LoggerService.LoggerManager | Here is debug message from the controller.
2024-01-25 14:12:27.8907 | DESKTOP-9VG6H90 | 28860 | iisexpress | Warn | LoggerService.LoggerManager | Here is warn message from the controller.
2024-01-25 14:12:27.8907 | DESKTOP-9VG6H90 | 28860 | iisexpress | Error | LoggerService.LoggerManager | Here is error message from the controller.
2024-01-25 14:12:30.2296 | DESKTOP-9VG6H90 | 28860 | iisexpress | Info | LoggerService.LoggerManager | Here is info message from the controller.
2024-01-25 14:12:30.2296 | DESKTOP-9VG6H90 | 28860 | iisexpress | Debug | LoggerService.LoggerManager | Here is debug message from the controller.
2024-01-25 14:12:30.2296 | DESKTOP-9VG6H90 | 28860 | iisexpress | Warn | LoggerService.LoggerManager | Here is warn message from the controller.
2024-01-25 14:12:30.2296 | DESKTOP-9VG6H90 | 28860 | iisexpress | Error | LoggerService.LoggerManager | Here is error message from the controller.
2024-01-25 14:56:56.1792 | DESKTOP-9VG6H90 | 13504 | iisexpress | Info | LoggerService.LoggerManager | Here is info message from the controller.
2024-01-25 14:56:56.2299 | DESKTOP-9VG6H90 | 13504 | iisexpress | Debug | LoggerService.LoggerManager | Here is debug message from the controller.
2024-01-25 14:56:56.2299 | DESKTOP-9VG6H90 | 13504 | iisexpress | Warn | LoggerService.LoggerManager | Here is warn message from the controller.
2024-01-25 14:56:56.2299 | DESKTOP-9VG6H90 | 13504 | iisexpress | Error | LoggerService.LoggerManager | Here is error message from the controller.
2024-01-25 15:11:12.0276 | DESKTOP-9VG6H90 | 25244 | iisexpress | Info | LoggerService.LoggerManager | Here is info message from the controller.
2024-01-25 15:11:12.0567 | DESKTOP-9VG6H90 | 25244 | iisexpress | Debug | LoggerService.LoggerManager | Here is debug message from the controller.
2024-01-25 15:11:12.0567 | DESKTOP-9VG6H90 | 25244 | iisexpress | Warn | LoggerService.LoggerManager | Here is warn message from the controller.
2024-01-25 15:11:12.0567 | DESKTOP-9VG6H90 | 25244 | iisexpress | Error | LoggerService.LoggerManager | Here is error message from the controller.
2024-01-25 15:11:14.0859 | DESKTOP-9VG6H90 | 25244 | iisexpress | Info | LoggerService.LoggerManager | Here is info message from the controller.
2024-01-25 15:11:14.1411 | DESKTOP-9VG6H90 | 25244 | iisexpress | Debug | LoggerService.LoggerManager | Here is debug message from the controller.
2024-01-25 15:11:14.1411 | DESKTOP-9VG6H90 | 25244 | iisexpress | Warn | LoggerService.LoggerManager | Here is warn message from the controller.
2024-01-25 15:11:14.1411 | DESKTOP-9VG6H90 | 25244 | iisexpress | Error | LoggerService.LoggerManager | Here is error message from the controller.
2024-01-25 15:11:16.3133 | DESKTOP-9VG6H90 | 25244 | iisexpress | Info | LoggerService.LoggerManager | Here is info message from the controller.
2024-01-25 15:11:16.3133 | DESKTOP-9VG6H90 | 25244 | iisexpress | Debug | LoggerService.LoggerManager | Here is debug message from the controller.
2024-01-25 15:11:16.3133 | DESKTOP-9VG6H90 | 25244 | iisexpress | Warn | LoggerService.LoggerManager | Here is warn message from the controller.
2024-01-25 15:11:16.3133 | DESKTOP-9VG6H90 | 25244 | iisexpress | Error | LoggerService.LoggerManager | Here is error message from the controller.
2024-01-25 15:14:11.1257 | DESKTOP-9VG6H90 | 25244 | iisexpress | Info | LoggerService.LoggerManager | Here is info message from the controller.
2024-01-25 15:14:11.1257 | DESKTOP-9VG6H90 | 25244 | iisexpress | Debug | LoggerService.LoggerManager | Here is debug message from the controller.
2024-01-25 15:14:11.1257 | DESKTOP-9VG6H90 | 25244 | iisexpress | Warn | LoggerService.LoggerManager | Here is warn message from the controller.
2024-01-25 15:14:11.1257 | DESKTOP-9VG6H90 | 25244 | iisexpress | Error | LoggerService.LoggerManager | Here is error message from the controller.
2024-01-25 15:14:12.6353 | DESKTOP-9VG6H90 | 25244 | iisexpress | Info | LoggerService.LoggerManager | Here is info message from the controller.
2024-01-25 15:14:12.6353 | DESKTOP-9VG6H90 | 25244 | iisexpress | Debug | LoggerService.LoggerManager | Here is debug message from the controller.
2024-01-25 15:14:12.6353 | DESKTOP-9VG6H90 | 25244 | iisexpress | Warn | LoggerService.LoggerManager | Here is warn message from the controller.
2024-01-25 15:14:12.6353 | DESKTOP-9VG6H90 | 25244 | iisexpress | Error | LoggerService.LoggerManager | Here is error message from the controller.
2024-01-25 15:14:24.3342 | DESKTOP-9VG6H90 | 25244 | iisexpress | Info | LoggerService.LoggerManager | Here is info message from the controller.
2024-01-25 15:14:24.3342 | DESKTOP-9VG6H90 | 25244 | iisexpress | Debug | LoggerService.LoggerManager | Here is debug message from the controller.
2024-01-25 15:14:24.3342 | DESKTOP-9VG6H90 | 25244 | iisexpress | Warn | LoggerService.LoggerManager | Here is warn message from the controller.
2024-01-25 15:14:24.3342 | DESKTOP-9VG6H90 | 25244 | iisexpress | Error | LoggerService.LoggerManager | Here is error message from the controller.
2024-01-25 15:20:21.7521 | DESKTOP-9VG6H90 | 31820 | iisexpress | Info | LoggerService.LoggerManager | Here is info message from the controller.
2024-01-25 15:20:21.7908 | DESKTOP-9VG6H90 | 31820 | iisexpress | Debug | LoggerService.LoggerManager | Here is debug message from the controller.
2024-01-25 15:20:21.8056 | DESKTOP-9VG6H90 | 31820 | iisexpress | Warn | LoggerService.LoggerManager | Here is warn message from the controller.
2024-01-25 15:20:21.8056 | DESKTOP-9VG6H90 | 31820 | iisexpress | Error | LoggerService.LoggerManager | Here is error message from the controller.
2024-01-25 15:24:03.0059 | DESKTOP-9VG6H90 | 16200 | iisexpress | Info | LoggerService.LoggerManager | Here is info message from the controller.
2024-01-25 15:24:03.0287 | DESKTOP-9VG6H90 | 16200 | iisexpress | Debug | LoggerService.LoggerManager | Here is debug message from the controller.
2024-01-25 15:24:03.0287 | DESKTOP-9VG6H90 | 16200 | iisexpress | Warn | LoggerService.LoggerManager | Here is warn message from the controller.
2024-01-25 15:24:03.0287 | DESKTOP-9VG6H90 | 16200 | iisexpress | Error | LoggerService.LoggerManager | Here is error message from the controller.
2024-01-25 15:25:55.3618 | DESKTOP-9VG6H90 | 48524 | iisexpress | Info | LoggerService.LoggerManager | Here is info message from the controller.
2024-01-25 15:25:55.3783 | DESKTOP-9VG6H90 | 48524 | iisexpress | Debug | LoggerService.LoggerManager | Here is debug message from the controller.
2024-01-25 15:25:55.3783 | DESKTOP-9VG6H90 | 48524 | iisexpress | Warn | LoggerService.LoggerManager | Here is warn message from the controller.
2024-01-25 15:25:55.3783 | DESKTOP-9VG6H90 | 48524 | iisexpress | Error | LoggerService.LoggerManager | Here is error message from the controller.
2024-01-25 15:44:49.6300 | DESKTOP-9VG6H90 | 1908 | iisexpress | Info | LoggerService.LoggerManager | Here is info message from the controller.
2024-01-25 15:44:49.6438 | DESKTOP-9VG6H90 | 1908 | iisexpress | Debug | LoggerService.LoggerManager | Here is debug message from the controller.
2024-01-25 15:44:49.6438 | DESKTOP-9VG6H90 | 1908 | iisexpress | Warn | LoggerService.LoggerManager | Here is warn message from the controller.
2024-01-25 15:44:49.6438 | DESKTOP-9VG6H90 | 1908 | iisexpress | Error | LoggerService.LoggerManager | Here is error message from the controller.
2024-01-25 15:55:33.9940 | DESKTOP-9VG6H90 | 10788 | iisexpress | Info | LoggerService.LoggerManager | Here is info message from the controller.
2024-01-25 15:55:34.0065 | DESKTOP-9VG6H90 | 10788 | iisexpress | Debug | LoggerService.LoggerManager | Here is debug message from the controller.
2024-01-25 15:55:34.0065 | DESKTOP-9VG6H90 | 10788 | iisexpress | Warn | LoggerService.LoggerManager | Here is warn message from the controller.
2024-01-25 15:55:34.0065 | DESKTOP-9VG6H90 | 10788 | iisexpress | Error | LoggerService.LoggerManager | Here is error message from the controller.
2024-01-25 16:02:06.4282 | DESKTOP-9VG6H90 | 10788 | iisexpress | Info | LoggerService.LoggerManager | Here is info message from the controller.
2024-01-25 16:02:06.4282 | DESKTOP-9VG6H90 | 10788 | iisexpress | Debug | LoggerService.LoggerManager | Here is debug message from the controller.
2024-01-25 16:02:06.4282 | DESKTOP-9VG6H90 | 10788 | iisexpress | Warn | LoggerService.LoggerManager | Here is warn message from the controller.
2024-01-25 16:02:06.4282 | DESKTOP-9VG6H90 | 10788 | iisexpress | Error | LoggerService.LoggerManager | Here is error message from the controller.
2024-01-25 16:03:03.6543 | DESKTOP-9VG6H90 | 10788 | iisexpress | Info | LoggerService.LoggerManager | Here is info message from the controller.
2024-01-25 16:03:03.6543 | DESKTOP-9VG6H90 | 10788 | iisexpress | Debug | LoggerService.LoggerManager | Here is debug message from the controller.
2024-01-25 16:03:03.6543 | DESKTOP-9VG6H90 | 10788 | iisexpress | Warn | LoggerService.LoggerManager | Here is warn message from the controller.
2024-01-25 16:03:03.6543 | DESKTOP-9VG6H90 | 10788 | iisexpress | Error | LoggerService.LoggerManager | Here is error message from the controller.
2024-01-25 16:03:59.0748 | DESKTOP-9VG6H90 | 19796 | iisexpress | Info | LoggerService.LoggerManager | Here is info message from the controller.
2024-01-25 16:03:59.0871 | DESKTOP-9VG6H90 | 19796 | iisexpress | Debug | LoggerService.LoggerManager | Here is debug message from the controller.
2024-01-25 16:03:59.0871 | DESKTOP-9VG6H90 | 19796 | iisexpress | Warn | LoggerService.LoggerManager | Here is warn message from the controller.
2024-01-25 16:03:59.0871 | DESKTOP-9VG6H90 | 19796 | iisexpress | Error | LoggerService.LoggerManager | Here is error message from the controller.
2024-01-25 17:02:06.3843 | DESKTOP-9VG6H90 | 43280 | iisexpress | Info | LoggerService.LoggerManager | Here is info message from the controller.
2024-01-25 17:02:06.3843 | DESKTOP-9VG6H90 | 43280 | iisexpress | Debug | LoggerService.LoggerManager | Here is debug message from the controller.
2024-01-25 17:02:06.3843 | DESKTOP-9VG6H90 | 43280 | iisexpress | Warn | LoggerService.LoggerManager | Here is warn message from the controller.
2024-01-25 17:02:06.3843 | DESKTOP-9VG6H90 | 43280 | iisexpress | Error | LoggerService.LoggerManager | Here is error message from the controller.
2024-01-25 17:03:16.3384 | DESKTOP-9VG6H90 | 43280 | iisexpress | Info | LoggerService.LoggerManager | Here is info message from the controller.
2024-01-25 17:03:16.3384 | DESKTOP-9VG6H90 | 43280 | iisexpress | Debug | LoggerService.LoggerManager | Here is debug message from the controller.
2024-01-25 17:03:16.3384 | DESKTOP-9VG6H90 | 43280 | iisexpress | Warn | LoggerService.LoggerManager | Here is warn message from the controller.
2024-01-25 17:03:16.3384 | DESKTOP-9VG6H90 | 43280 | iisexpress | Error | LoggerService.LoggerManager | Here is error message from the controller.
2024-01-25 18:25:48.9685 | DESKTOP-9VG6H90 | 41372 | iisexpress | Info | LoggerService.LoggerManager | Here is info message from the controller.
2024-01-25 18:25:48.9930 | DESKTOP-9VG6H90 | 41372 | iisexpress | Debug | LoggerService.LoggerManager | Here is debug message from the controller.
2024-01-25 18:25:48.9930 | DESKTOP-9VG6H90 | 41372 | iisexpress | Warn | LoggerService.LoggerManager | Here is warn message from the controller.
2024-01-25 18:25:48.9930 | DESKTOP-9VG6H90 | 41372 | iisexpress | Error | LoggerService.LoggerManager | Here is error message from the controller.
