2024-01-23 09:17:59.5095 | DESKTOP-9VG6H90 | 29344 | iisexpress | Info | LoggerService.LoggerManager | Here is info message from the controller.
2024-01-23 09:17:59.5831 | DESKTOP-9VG6H90 | 29344 | iisexpress | Debug | LoggerService.LoggerManager | Here is debug message from the controller.
2024-01-23 09:17:59.5831 | DESKTOP-9VG6H90 | 29344 | iisexpress | Warn | LoggerService.LoggerManager | Here is warn message from the controller.
2024-01-23 09:17:59.5831 | DESKTOP-9VG6H90 | 29344 | iisexpress | Error | LoggerService.LoggerManager | Here is error message from the controller.
2024-01-23 09:19:12.8306 | DESKTOP-9VG6H90 | 29344 | iisexpress | Info | LoggerService.LoggerManager | Here is info message from the controller.
2024-01-23 09:19:12.8306 | DESKTOP-9VG6H90 | 29344 | iisexpress | Debug | LoggerService.LoggerManager | Here is debug message from the controller.
2024-01-23 09:19:12.8306 | DESKTOP-9VG6H90 | 29344 | iisexpress | Warn | LoggerService.LoggerManager | Here is warn message from the controller.
2024-01-23 09:19:12.8306 | DESKTOP-9VG6H90 | 29344 | iisexpress | Error | LoggerService.LoggerManager | Here is error message from the controller.
2024-01-23 09:45:55.1001 | DESKTOP-9VG6H90 | 29344 | iisexpress | Info | LoggerService.LoggerManager | Here is info message from the controller.
2024-01-23 09:45:55.1001 | DESKTOP-9VG6H90 | 29344 | iisexpress | Debug | LoggerService.LoggerManager | Here is debug message from the controller.
2024-01-23 09:45:55.1001 | DESKTOP-9VG6H90 | 29344 | iisexpress | Warn | LoggerService.LoggerManager | Here is warn message from the controller.
2024-01-23 09:45:55.1001 | DESKTOP-9VG6H90 | 29344 | iisexpress | Error | LoggerService.LoggerManager | Here is error message from the controller.
2024-01-23 09:46:55.5751 | DESKTOP-9VG6H90 | 29344 | iisexpress | Info | LoggerService.LoggerManager | Here is info message from the controller.
2024-01-23 09:46:55.5751 | DESKTOP-9VG6H90 | 29344 | iisexpress | Debug | LoggerService.LoggerManager | Here is debug message from the controller.
2024-01-23 09:46:55.5751 | DESKTOP-9VG6H90 | 29344 | iisexpress | Warn | LoggerService.LoggerManager | Here is warn message from the controller.
2024-01-23 09:46:55.5751 | DESKTOP-9VG6H90 | 29344 | iisexpress | Error | LoggerService.LoggerManager | Here is error message from the controller.
2024-01-23 09:52:21.4149 | DESKTOP-9VG6H90 | 29344 | iisexpress | Info | LoggerService.LoggerManager | Here is info message from the controller.
2024-01-23 09:52:21.4149 | DESKTOP-9VG6H90 | 29344 | iisexpress | Debug | LoggerService.LoggerManager | Here is debug message from the controller.
2024-01-23 09:52:21.4149 | DESKTOP-9VG6H90 | 29344 | iisexpress | Warn | LoggerService.LoggerManager | Here is warn message from the controller.
2024-01-23 09:52:21.4149 | DESKTOP-9VG6H90 | 29344 | iisexpress | Error | LoggerService.LoggerManager | Here is error message from the controller.
2024-01-23 09:53:28.3687 | DESKTOP-9VG6H90 | 29344 | iisexpress | Info | LoggerService.LoggerManager | Here is info message from the controller.
2024-01-23 09:53:28.3687 | DESKTOP-9VG6H90 | 29344 | iisexpress | Debug | LoggerService.LoggerManager | Here is debug message from the controller.
2024-01-23 09:53:28.3687 | DESKTOP-9VG6H90 | 29344 | iisexpress | Warn | LoggerService.LoggerManager | Here is warn message from the controller.
2024-01-23 09:53:28.3687 | DESKTOP-9VG6H90 | 29344 | iisexpress | Error | LoggerService.LoggerManager | Here is error message from the controller.
2024-01-23 09:53:39.4441 | DESKTOP-9VG6H90 | 29344 | iisexpress | Info | LoggerService.LoggerManager | Here is info message from the controller.
2024-01-23 09:53:39.4441 | DESKTOP-9VG6H90 | 29344 | iisexpress | Debug | LoggerService.LoggerManager | Here is debug message from the controller.
2024-01-23 09:53:39.4441 | DESKTOP-9VG6H90 | 29344 | iisexpress | Warn | LoggerService.LoggerManager | Here is warn message from the controller.
2024-01-23 09:53:39.4441 | DESKTOP-9VG6H90 | 29344 | iisexpress | Error | LoggerService.LoggerManager | Here is error message from the controller.
2024-01-23 09:53:42.7163 | DESKTOP-9VG6H90 | 29344 | iisexpress | Info | LoggerService.LoggerManager | Here is info message from the controller.
2024-01-23 09:53:42.7163 | DESKTOP-9VG6H90 | 29344 | iisexpress | Debug | LoggerService.LoggerManager | Here is debug message from the controller.
2024-01-23 09:53:42.7163 | DESKTOP-9VG6H90 | 29344 | iisexpress | Warn | LoggerService.LoggerManager | Here is warn message from the controller.
2024-01-23 09:53:42.7163 | DESKTOP-9VG6H90 | 29344 | iisexpress | Error | LoggerService.LoggerManager | Here is error message from the controller.
2024-01-23 10:05:15.4352 | DESKTOP-9VG6H90 | 29344 | iisexpress | Info | LoggerService.LoggerManager | Here is info message from the controller.
2024-01-23 10:05:15.4352 | DESKTOP-9VG6H90 | 29344 | iisexpress | Debug | LoggerService.LoggerManager | Here is debug message from the controller.
2024-01-23 10:05:15.4352 | DESKTOP-9VG6H90 | 29344 | iisexpress | Warn | LoggerService.LoggerManager | Here is warn message from the controller.
2024-01-23 10:05:15.4352 | DESKTOP-9VG6H90 | 29344 | iisexpress | Error | LoggerService.LoggerManager | Here is error message from the controller.
2024-01-23 10:05:15.4843 | DESKTOP-9VG6H90 | 29344 | iisexpress | Info | LoggerService.LoggerManager | Here is info message from the controller.
2024-01-23 10:05:15.4843 | DESKTOP-9VG6H90 | 29344 | iisexpress | Debug | LoggerService.LoggerManager | Here is debug message from the controller.
2024-01-23 10:05:15.4843 | DESKTOP-9VG6H90 | 29344 | iisexpress | Warn | LoggerService.LoggerManager | Here is warn message from the controller.
2024-01-23 10:05:15.4843 | DESKTOP-9VG6H90 | 29344 | iisexpress | Error | LoggerService.LoggerManager | Here is error message from the controller.
2024-01-23 10:08:12.0271 | DESKTOP-9VG6H90 | 29344 | iisexpress | Info | LoggerService.LoggerManager | Here is info message from the controller.
2024-01-23 10:08:12.0271 | DESKTOP-9VG6H90 | 29344 | iisexpress | Debug | LoggerService.LoggerManager | Here is debug message from the controller.
2024-01-23 10:08:12.0271 | DESKTOP-9VG6H90 | 29344 | iisexpress | Warn | LoggerService.LoggerManager | Here is warn message from the controller.
2024-01-23 10:08:12.0271 | DESKTOP-9VG6H90 | 29344 | iisexpress | Error | LoggerService.LoggerManager | Here is error message from the controller.
2024-01-23 10:08:17.4648 | DESKTOP-9VG6H90 | 29344 | iisexpress | Info | LoggerService.LoggerManager | Here is info message from the controller.
2024-01-23 10:08:17.4648 | DESKTOP-9VG6H90 | 29344 | iisexpress | Debug | LoggerService.LoggerManager | Here is debug message from the controller.
2024-01-23 10:08:17.4648 | DESKTOP-9VG6H90 | 29344 | iisexpress | Warn | LoggerService.LoggerManager | Here is warn message from the controller.
2024-01-23 10:08:17.4648 | DESKTOP-9VG6H90 | 29344 | iisexpress | Error | LoggerService.LoggerManager | Here is error message from the controller.
2024-01-23 10:08:17.5041 | DESKTOP-9VG6H90 | 29344 | iisexpress | Info | LoggerService.LoggerManager | Here is info message from the controller.
2024-01-23 10:08:17.5041 | DESKTOP-9VG6H90 | 29344 | iisexpress | Debug | LoggerService.LoggerManager | Here is debug message from the controller.
2024-01-23 10:08:17.5041 | DESKTOP-9VG6H90 | 29344 | iisexpress | Warn | LoggerService.LoggerManager | Here is warn message from the controller.
2024-01-23 10:08:17.5041 | DESKTOP-9VG6H90 | 29344 | iisexpress | Error | LoggerService.LoggerManager | Here is error message from the controller.
2024-01-23 10:08:18.5674 | DESKTOP-9VG6H90 | 29344 | iisexpress | Info | LoggerService.LoggerManager | Here is info message from the controller.
2024-01-23 10:08:18.5674 | DESKTOP-9VG6H90 | 29344 | iisexpress | Debug | LoggerService.LoggerManager | Here is debug message from the controller.
2024-01-23 10:08:18.5674 | DESKTOP-9VG6H90 | 29344 | iisexpress | Warn | LoggerService.LoggerManager | Here is warn message from the controller.
2024-01-23 10:08:18.5674 | DESKTOP-9VG6H90 | 29344 | iisexpress | Error | LoggerService.LoggerManager | Here is error message from the controller.
2024-01-23 10:08:18.5674 | DESKTOP-9VG6H90 | 29344 | iisexpress | Info | LoggerService.LoggerManager | Here is info message from the controller.
2024-01-23 10:08:18.5674 | DESKTOP-9VG6H90 | 29344 | iisexpress | Debug | LoggerService.LoggerManager | Here is debug message from the controller.
2024-01-23 10:08:18.5674 | DESKTOP-9VG6H90 | 29344 | iisexpress | Warn | LoggerService.LoggerManager | Here is warn message from the controller.
2024-01-23 10:08:18.5674 | DESKTOP-9VG6H90 | 29344 | iisexpress | Error | LoggerService.LoggerManager | Here is error message from the controller.
2024-01-23 10:08:23.6475 | DESKTOP-9VG6H90 | 29344 | iisexpress | Info | LoggerService.LoggerManager | Here is info message from the controller.
2024-01-23 10:08:23.6475 | DESKTOP-9VG6H90 | 29344 | iisexpress | Debug | LoggerService.LoggerManager | Here is debug message from the controller.
2024-01-23 10:08:23.6475 | DESKTOP-9VG6H90 | 29344 | iisexpress | Warn | LoggerService.LoggerManager | Here is warn message from the controller.
2024-01-23 10:08:23.6475 | DESKTOP-9VG6H90 | 29344 | iisexpress | Error | LoggerService.LoggerManager | Here is error message from the controller.
2024-01-23 10:08:24.6854 | DESKTOP-9VG6H90 | 29344 | iisexpress | Info | LoggerService.LoggerManager | Here is info message from the controller.
2024-01-23 10:08:24.6854 | DESKTOP-9VG6H90 | 29344 | iisexpress | Debug | LoggerService.LoggerManager | Here is debug message from the controller.
2024-01-23 10:08:24.6854 | DESKTOP-9VG6H90 | 29344 | iisexpress | Warn | LoggerService.LoggerManager | Here is warn message from the controller.
2024-01-23 10:08:24.6854 | DESKTOP-9VG6H90 | 29344 | iisexpress | Error | LoggerService.LoggerManager | Here is error message from the controller.
2024-01-23 10:10:13.1614 | DESKTOP-9VG6H90 | 29344 | iisexpress | Info | LoggerService.LoggerManager | Here is info message from the controller.
2024-01-23 10:10:13.1614 | DESKTOP-9VG6H90 | 29344 | iisexpress | Debug | LoggerService.LoggerManager | Here is debug message from the controller.
2024-01-23 10:10:13.1614 | DESKTOP-9VG6H90 | 29344 | iisexpress | Warn | LoggerService.LoggerManager | Here is warn message from the controller.
2024-01-23 10:10:13.1614 | DESKTOP-9VG6H90 | 29344 | iisexpress | Error | LoggerService.LoggerManager | Here is error message from the controller.
2024-01-23 10:10:13.1741 | DESKTOP-9VG6H90 | 29344 | iisexpress | Info | LoggerService.LoggerManager | Here is info message from the controller.
2024-01-23 10:10:13.1741 | DESKTOP-9VG6H90 | 29344 | iisexpress | Debug | LoggerService.LoggerManager | Here is debug message from the controller.
2024-01-23 10:10:13.1741 | DESKTOP-9VG6H90 | 29344 | iisexpress | Warn | LoggerService.LoggerManager | Here is warn message from the controller.
2024-01-23 10:10:13.1741 | DESKTOP-9VG6H90 | 29344 | iisexpress | Error | LoggerService.LoggerManager | Here is error message from the controller.
2024-01-23 10:10:40.4987 | DESKTOP-9VG6H90 | 29344 | iisexpress | Info | LoggerService.LoggerManager | Here is info message from the controller.
2024-01-23 10:10:40.4987 | DESKTOP-9VG6H90 | 29344 | iisexpress | Info | LoggerService.LoggerManager | Here is info message from the controller.
2024-01-23 10:10:40.4987 | DESKTOP-9VG6H90 | 29344 | iisexpress | Debug | LoggerService.LoggerManager | Here is debug message from the controller.
2024-01-23 10:10:40.4987 | DESKTOP-9VG6H90 | 29344 | iisexpress | Debug | LoggerService.LoggerManager | Here is debug message from the controller.
2024-01-23 10:10:40.4987 | DESKTOP-9VG6H90 | 29344 | iisexpress | Warn | LoggerService.LoggerManager | Here is warn message from the controller.
2024-01-23 10:10:40.4987 | DESKTOP-9VG6H90 | 29344 | iisexpress | Warn | LoggerService.LoggerManager | Here is warn message from the controller.
2024-01-23 10:10:40.4987 | DESKTOP-9VG6H90 | 29344 | iisexpress | Error | LoggerService.LoggerManager | Here is error message from the controller.
2024-01-23 10:10:40.4987 | DESKTOP-9VG6H90 | 29344 | iisexpress | Error | LoggerService.LoggerManager | Here is error message from the controller.
2024-01-23 10:12:35.1035 | DESKTOP-9VG6H90 | 29344 | iisexpress | Info | LoggerService.LoggerManager | Here is info message from the controller.
2024-01-23 10:12:35.1035 | DESKTOP-9VG6H90 | 29344 | iisexpress | Debug | LoggerService.LoggerManager | Here is debug message from the controller.
2024-01-23 10:12:35.1035 | DESKTOP-9VG6H90 | 29344 | iisexpress | Warn | LoggerService.LoggerManager | Here is warn message from the controller.
2024-01-23 10:12:35.1035 | DESKTOP-9VG6H90 | 29344 | iisexpress | Error | LoggerService.LoggerManager | Here is error message from the controller.
2024-01-23 10:12:35.1487 | DESKTOP-9VG6H90 | 29344 | iisexpress | Info | LoggerService.LoggerManager | Here is info message from the controller.
2024-01-23 10:12:35.1487 | DESKTOP-9VG6H90 | 29344 | iisexpress | Debug | LoggerService.LoggerManager | Here is debug message from the controller.
2024-01-23 10:12:35.1487 | DESKTOP-9VG6H90 | 29344 | iisexpress | Warn | LoggerService.LoggerManager | Here is warn message from the controller.
2024-01-23 10:12:35.1487 | DESKTOP-9VG6H90 | 29344 | iisexpress | Error | LoggerService.LoggerManager | Here is error message from the controller.
2024-01-23 10:18:50.2629 | DESKTOP-9VG6H90 | 29344 | iisexpress | Info | LoggerService.LoggerManager | Here is info message from the controller.
2024-01-23 10:18:50.2629 | DESKTOP-9VG6H90 | 29344 | iisexpress | Debug | LoggerService.LoggerManager | Here is debug message from the controller.
2024-01-23 10:18:50.2629 | DESKTOP-9VG6H90 | 29344 | iisexpress | Warn | LoggerService.LoggerManager | Here is warn message from the controller.
2024-01-23 10:18:50.2629 | DESKTOP-9VG6H90 | 29344 | iisexpress | Error | LoggerService.LoggerManager | Here is error message from the controller.
2024-01-23 10:18:50.2847 | DESKTOP-9VG6H90 | 29344 | iisexpress | Info | LoggerService.LoggerManager | Here is info message from the controller.
2024-01-23 10:18:50.2847 | DESKTOP-9VG6H90 | 29344 | iisexpress | Debug | LoggerService.LoggerManager | Here is debug message from the controller.
2024-01-23 10:18:50.2847 | DESKTOP-9VG6H90 | 29344 | iisexpress | Warn | LoggerService.LoggerManager | Here is warn message from the controller.
2024-01-23 10:18:50.2847 | DESKTOP-9VG6H90 | 29344 | iisexpress | Error | LoggerService.LoggerManager | Here is error message from the controller.
2024-01-23 10:21:29.8432 | DESKTOP-9VG6H90 | 29344 | iisexpress | Info | LoggerService.LoggerManager | Here is info message from the controller.
2024-01-23 10:21:29.8432 | DESKTOP-9VG6H90 | 29344 | iisexpress | Debug | LoggerService.LoggerManager | Here is debug message from the controller.
2024-01-23 10:21:29.8432 | DESKTOP-9VG6H90 | 29344 | iisexpress | Warn | LoggerService.LoggerManager | Here is warn message from the controller.
2024-01-23 10:21:29.8432 | DESKTOP-9VG6H90 | 29344 | iisexpress | Error | LoggerService.LoggerManager | Here is error message from the controller.
2024-01-23 10:21:29.8745 | DESKTOP-9VG6H90 | 29344 | iisexpress | Info | LoggerService.LoggerManager | Here is info message from the controller.
2024-01-23 10:21:29.8773 | DESKTOP-9VG6H90 | 29344 | iisexpress | Debug | LoggerService.LoggerManager | Here is debug message from the controller.
2024-01-23 10:21:29.8773 | DESKTOP-9VG6H90 | 29344 | iisexpress | Warn | LoggerService.LoggerManager | Here is warn message from the controller.
2024-01-23 10:21:29.8773 | DESKTOP-9VG6H90 | 29344 | iisexpress | Error | LoggerService.LoggerManager | Here is error message from the controller.
2024-01-23 10:29:55.5280 | DESKTOP-9VG6H90 | 29344 | iisexpress | Info | LoggerService.LoggerManager | Here is info message from the controller.
2024-01-23 10:29:55.5280 | DESKTOP-9VG6H90 | 29344 | iisexpress | Debug | LoggerService.LoggerManager | Here is debug message from the controller.
2024-01-23 10:29:55.5280 | DESKTOP-9VG6H90 | 29344 | iisexpress | Warn | LoggerService.LoggerManager | Here is warn message from the controller.
2024-01-23 10:29:55.5280 | DESKTOP-9VG6H90 | 29344 | iisexpress | Error | LoggerService.LoggerManager | Here is error message from the controller.
2024-01-23 10:29:55.5280 | DESKTOP-9VG6H90 | 29344 | iisexpress | Info | LoggerService.LoggerManager | Here is info message from the controller.
2024-01-23 10:29:55.5280 | DESKTOP-9VG6H90 | 29344 | iisexpress | Debug | LoggerService.LoggerManager | Here is debug message from the controller.
2024-01-23 10:29:55.5280 | DESKTOP-9VG6H90 | 29344 | iisexpress | Warn | LoggerService.LoggerManager | Here is warn message from the controller.
2024-01-23 10:29:55.5280 | DESKTOP-9VG6H90 | 29344 | iisexpress | Error | LoggerService.LoggerManager | Here is error message from the controller.
2024-01-23 10:30:02.2467 | DESKTOP-9VG6H90 | 29344 | iisexpress | Info | LoggerService.LoggerManager | Here is info message from the controller.
2024-01-23 10:30:02.2467 | DESKTOP-9VG6H90 | 29344 | iisexpress | Debug | LoggerService.LoggerManager | Here is debug message from the controller.
2024-01-23 10:30:02.2467 | DESKTOP-9VG6H90 | 29344 | iisexpress | Warn | LoggerService.LoggerManager | Here is warn message from the controller.
2024-01-23 10:30:02.2467 | DESKTOP-9VG6H90 | 29344 | iisexpress | Error | LoggerService.LoggerManager | Here is error message from the controller.
2024-01-23 10:30:02.2706 | DESKTOP-9VG6H90 | 29344 | iisexpress | Info | LoggerService.LoggerManager | Here is info message from the controller.
2024-01-23 10:30:02.2706 | DESKTOP-9VG6H90 | 29344 | iisexpress | Debug | LoggerService.LoggerManager | Here is debug message from the controller.
2024-01-23 10:30:02.2706 | DESKTOP-9VG6H90 | 29344 | iisexpress | Warn | LoggerService.LoggerManager | Here is warn message from the controller.
2024-01-23 10:30:02.2706 | DESKTOP-9VG6H90 | 29344 | iisexpress | Error | LoggerService.LoggerManager | Here is error message from the controller.
2024-01-23 10:30:51.2281 | DESKTOP-9VG6H90 | 29344 | iisexpress | Info | LoggerService.LoggerManager | Here is info message from the controller.
2024-01-23 10:30:51.2281 | DESKTOP-9VG6H90 | 29344 | iisexpress | Debug | LoggerService.LoggerManager | Here is debug message from the controller.
2024-01-23 10:30:51.2281 | DESKTOP-9VG6H90 | 29344 | iisexpress | Warn | LoggerService.LoggerManager | Here is warn message from the controller.
2024-01-23 10:30:51.2281 | DESKTOP-9VG6H90 | 29344 | iisexpress | Error | LoggerService.LoggerManager | Here is error message from the controller.
2024-01-23 10:30:51.2417 | DESKTOP-9VG6H90 | 29344 | iisexpress | Info | LoggerService.LoggerManager | Here is info message from the controller.
2024-01-23 10:30:51.2417 | DESKTOP-9VG6H90 | 29344 | iisexpress | Debug | LoggerService.LoggerManager | Here is debug message from the controller.
2024-01-23 10:30:51.2417 | DESKTOP-9VG6H90 | 29344 | iisexpress | Warn | LoggerService.LoggerManager | Here is warn message from the controller.
2024-01-23 10:30:51.2417 | DESKTOP-9VG6H90 | 29344 | iisexpress | Error | LoggerService.LoggerManager | Here is error message from the controller.
2024-01-23 10:31:02.1146 | DESKTOP-9VG6H90 | 29344 | iisexpress | Info | LoggerService.LoggerManager | Here is info message from the controller.
2024-01-23 10:31:02.1146 | DESKTOP-9VG6H90 | 29344 | iisexpress | Debug | LoggerService.LoggerManager | Here is debug message from the controller.
2024-01-23 10:31:02.1146 | DESKTOP-9VG6H90 | 29344 | iisexpress | Warn | LoggerService.LoggerManager | Here is warn message from the controller.
2024-01-23 10:31:02.1146 | DESKTOP-9VG6H90 | 29344 | iisexpress | Error | LoggerService.LoggerManager | Here is error message from the controller.
2024-01-23 10:31:02.1146 | DESKTOP-9VG6H90 | 29344 | iisexpress | Info | LoggerService.LoggerManager | Here is info message from the controller.
2024-01-23 10:31:02.1146 | DESKTOP-9VG6H90 | 29344 | iisexpress | Debug | LoggerService.LoggerManager | Here is debug message from the controller.
2024-01-23 10:31:02.1146 | DESKTOP-9VG6H90 | 29344 | iisexpress | Warn | LoggerService.LoggerManager | Here is warn message from the controller.
2024-01-23 10:31:02.1146 | DESKTOP-9VG6H90 | 29344 | iisexpress | Error | LoggerService.LoggerManager | Here is error message from the controller.
2024-01-23 10:35:22.1596 | DESKTOP-9VG6H90 | 29344 | iisexpress | Info | LoggerService.LoggerManager | Here is info message from the controller.
2024-01-23 10:35:22.1596 | DESKTOP-9VG6H90 | 29344 | iisexpress | Debug | LoggerService.LoggerManager | Here is debug message from the controller.
2024-01-23 10:35:22.1596 | DESKTOP-9VG6H90 | 29344 | iisexpress | Warn | LoggerService.LoggerManager | Here is warn message from the controller.
2024-01-23 10:35:22.1596 | DESKTOP-9VG6H90 | 29344 | iisexpress | Error | LoggerService.LoggerManager | Here is error message from the controller.
2024-01-23 10:35:22.2046 | DESKTOP-9VG6H90 | 29344 | iisexpress | Info | LoggerService.LoggerManager | Here is info message from the controller.
2024-01-23 10:35:22.2046 | DESKTOP-9VG6H90 | 29344 | iisexpress | Debug | LoggerService.LoggerManager | Here is debug message from the controller.
2024-01-23 10:35:22.2046 | DESKTOP-9VG6H90 | 29344 | iisexpress | Warn | LoggerService.LoggerManager | Here is warn message from the controller.
2024-01-23 10:35:22.2046 | DESKTOP-9VG6H90 | 29344 | iisexpress | Error | LoggerService.LoggerManager | Here is error message from the controller.
2024-01-23 10:42:59.4151 | DESKTOP-9VG6H90 | 29344 | iisexpress | Info | LoggerService.LoggerManager | Here is info message from the controller.
2024-01-23 10:42:59.4151 | DESKTOP-9VG6H90 | 29344 | iisexpress | Debug | LoggerService.LoggerManager | Here is debug message from the controller.
2024-01-23 10:42:59.4151 | DESKTOP-9VG6H90 | 29344 | iisexpress | Warn | LoggerService.LoggerManager | Here is warn message from the controller.
2024-01-23 10:42:59.4151 | DESKTOP-9VG6H90 | 29344 | iisexpress | Error | LoggerService.LoggerManager | Here is error message from the controller.
2024-01-23 10:42:59.4502 | DESKTOP-9VG6H90 | 29344 | iisexpress | Info | LoggerService.LoggerManager | Here is info message from the controller.
2024-01-23 10:42:59.4502 | DESKTOP-9VG6H90 | 29344 | iisexpress | Debug | LoggerService.LoggerManager | Here is debug message from the controller.
2024-01-23 10:42:59.4502 | DESKTOP-9VG6H90 | 29344 | iisexpress | Warn | LoggerService.LoggerManager | Here is warn message from the controller.
2024-01-23 10:42:59.4502 | DESKTOP-9VG6H90 | 29344 | iisexpress | Error | LoggerService.LoggerManager | Here is error message from the controller.
2024-01-23 10:42:59.8132 | DESKTOP-9VG6H90 | 29344 | iisexpress | Info | LoggerService.LoggerManager | Here is info message from the controller.
2024-01-23 10:42:59.8132 | DESKTOP-9VG6H90 | 29344 | iisexpress | Debug | LoggerService.LoggerManager | Here is debug message from the controller.
2024-01-23 10:42:59.8132 | DESKTOP-9VG6H90 | 29344 | iisexpress | Warn | LoggerService.LoggerManager | Here is warn message from the controller.
2024-01-23 10:42:59.8132 | DESKTOP-9VG6H90 | 29344 | iisexpress | Error | LoggerService.LoggerManager | Here is error message from the controller.
2024-01-23 10:42:59.8939 | DESKTOP-9VG6H90 | 29344 | iisexpress | Info | LoggerService.LoggerManager | Here is info message from the controller.
2024-01-23 10:42:59.8939 | DESKTOP-9VG6H90 | 29344 | iisexpress | Debug | LoggerService.LoggerManager | Here is debug message from the controller.
2024-01-23 10:42:59.8939 | DESKTOP-9VG6H90 | 29344 | iisexpress | Warn | LoggerService.LoggerManager | Here is warn message from the controller.
2024-01-23 10:42:59.8939 | DESKTOP-9VG6H90 | 29344 | iisexpress | Error | LoggerService.LoggerManager | Here is error message from the controller.
2024-01-23 10:46:49.3581 | DESKTOP-9VG6H90 | 29344 | iisexpress | Info | LoggerService.LoggerManager | Here is info message from the controller.
2024-01-23 10:46:49.3581 | DESKTOP-9VG6H90 | 29344 | iisexpress | Debug | LoggerService.LoggerManager | Here is debug message from the controller.
2024-01-23 10:46:49.3581 | DESKTOP-9VG6H90 | 29344 | iisexpress | Warn | LoggerService.LoggerManager | Here is warn message from the controller.
2024-01-23 10:46:49.3581 | DESKTOP-9VG6H90 | 29344 | iisexpress | Error | LoggerService.LoggerManager | Here is error message from the controller.
2024-01-23 10:46:49.4827 | DESKTOP-9VG6H90 | 29344 | iisexpress | Info | LoggerService.LoggerManager | Here is info message from the controller.
2024-01-23 10:46:49.4827 | DESKTOP-9VG6H90 | 29344 | iisexpress | Debug | LoggerService.LoggerManager | Here is debug message from the controller.
2024-01-23 10:46:49.4827 | DESKTOP-9VG6H90 | 29344 | iisexpress | Warn | LoggerService.LoggerManager | Here is warn message from the controller.
2024-01-23 10:46:49.4827 | DESKTOP-9VG6H90 | 29344 | iisexpress | Error | LoggerService.LoggerManager | Here is error message from the controller.
2024-01-23 10:48:35.0431 | DESKTOP-9VG6H90 | 29344 | iisexpress | Info | LoggerService.LoggerManager | Here is info message from the controller.
2024-01-23 10:48:35.0431 | DESKTOP-9VG6H90 | 29344 | iisexpress | Debug | LoggerService.LoggerManager | Here is debug message from the controller.
2024-01-23 10:48:35.0431 | DESKTOP-9VG6H90 | 29344 | iisexpress | Warn | LoggerService.LoggerManager | Here is warn message from the controller.
2024-01-23 10:48:35.0431 | DESKTOP-9VG6H90 | 29344 | iisexpress | Error | LoggerService.LoggerManager | Here is error message from the controller.
2024-01-23 10:48:35.0431 | DESKTOP-9VG6H90 | 29344 | iisexpress | Info | LoggerService.LoggerManager | Here is info message from the controller.
2024-01-23 10:48:35.0431 | DESKTOP-9VG6H90 | 29344 | iisexpress | Debug | LoggerService.LoggerManager | Here is debug message from the controller.
2024-01-23 10:48:35.0431 | DESKTOP-9VG6H90 | 29344 | iisexpress | Warn | LoggerService.LoggerManager | Here is warn message from the controller.
2024-01-23 10:48:35.0431 | DESKTOP-9VG6H90 | 29344 | iisexpress | Error | LoggerService.LoggerManager | Here is error message from the controller.
2024-01-23 10:48:51.8215 | DESKTOP-9VG6H90 | 29344 | iisexpress | Info | LoggerService.LoggerManager | Here is info message from the controller.
2024-01-23 10:48:51.8215 | DESKTOP-9VG6H90 | 29344 | iisexpress | Debug | LoggerService.LoggerManager | Here is debug message from the controller.
2024-01-23 10:48:51.8215 | DESKTOP-9VG6H90 | 29344 | iisexpress | Warn | LoggerService.LoggerManager | Here is warn message from the controller.
2024-01-23 10:48:51.8215 | DESKTOP-9VG6H90 | 29344 | iisexpress | Error | LoggerService.LoggerManager | Here is error message from the controller.
2024-01-23 10:48:51.8630 | DESKTOP-9VG6H90 | 29344 | iisexpress | Info | LoggerService.LoggerManager | Here is info message from the controller.
2024-01-23 10:48:51.8630 | DESKTOP-9VG6H90 | 29344 | iisexpress | Debug | LoggerService.LoggerManager | Here is debug message from the controller.
2024-01-23 10:48:51.8630 | DESKTOP-9VG6H90 | 29344 | iisexpress | Warn | LoggerService.LoggerManager | Here is warn message from the controller.
2024-01-23 10:48:51.8630 | DESKTOP-9VG6H90 | 29344 | iisexpress | Error | LoggerService.LoggerManager | Here is error message from the controller.
2024-01-23 10:48:56.8346 | DESKTOP-9VG6H90 | 29344 | iisexpress | Info | LoggerService.LoggerManager | Here is info message from the controller.
2024-01-23 10:48:56.8346 | DESKTOP-9VG6H90 | 29344 | iisexpress | Debug | LoggerService.LoggerManager | Here is debug message from the controller.
2024-01-23 10:48:56.8346 | DESKTOP-9VG6H90 | 29344 | iisexpress | Warn | LoggerService.LoggerManager | Here is warn message from the controller.
2024-01-23 10:48:56.8346 | DESKTOP-9VG6H90 | 29344 | iisexpress | Error | LoggerService.LoggerManager | Here is error message from the controller.
2024-01-23 10:48:56.8687 | DESKTOP-9VG6H90 | 29344 | iisexpress | Info | LoggerService.LoggerManager | Here is info message from the controller.
2024-01-23 10:48:56.8687 | DESKTOP-9VG6H90 | 29344 | iisexpress | Debug | LoggerService.LoggerManager | Here is debug message from the controller.
2024-01-23 10:48:56.8687 | DESKTOP-9VG6H90 | 29344 | iisexpress | Warn | LoggerService.LoggerManager | Here is warn message from the controller.
2024-01-23 10:48:56.8687 | DESKTOP-9VG6H90 | 29344 | iisexpress | Error | LoggerService.LoggerManager | Here is error message from the controller.
2024-01-23 10:49:54.7009 | DESKTOP-9VG6H90 | 29344 | iisexpress | Info | LoggerService.LoggerManager | Here is info message from the controller.
2024-01-23 10:49:54.7009 | DESKTOP-9VG6H90 | 29344 | iisexpress | Debug | LoggerService.LoggerManager | Here is debug message from the controller.
2024-01-23 10:49:54.7009 | DESKTOP-9VG6H90 | 29344 | iisexpress | Warn | LoggerService.LoggerManager | Here is warn message from the controller.
2024-01-23 10:49:54.7009 | DESKTOP-9VG6H90 | 29344 | iisexpress | Error | LoggerService.LoggerManager | Here is error message from the controller.
2024-01-23 10:49:54.7431 | DESKTOP-9VG6H90 | 29344 | iisexpress | Info | LoggerService.LoggerManager | Here is info message from the controller.
2024-01-23 10:49:54.7431 | DESKTOP-9VG6H90 | 29344 | iisexpress | Debug | LoggerService.LoggerManager | Here is debug message from the controller.
2024-01-23 10:49:54.7431 | DESKTOP-9VG6H90 | 29344 | iisexpress | Warn | LoggerService.LoggerManager | Here is warn message from the controller.
2024-01-23 10:49:54.7431 | DESKTOP-9VG6H90 | 29344 | iisexpress | Error | LoggerService.LoggerManager | Here is error message from the controller.
2024-01-23 10:53:03.4612 | DESKTOP-9VG6H90 | 29344 | iisexpress | Info | LoggerService.LoggerManager | Here is info message from the controller.
2024-01-23 10:53:03.4612 | DESKTOP-9VG6H90 | 29344 | iisexpress | Debug | LoggerService.LoggerManager | Here is debug message from the controller.
2024-01-23 10:53:03.4612 | DESKTOP-9VG6H90 | 29344 | iisexpress | Warn | LoggerService.LoggerManager | Here is warn message from the controller.
2024-01-23 10:53:03.4612 | DESKTOP-9VG6H90 | 29344 | iisexpress | Error | LoggerService.LoggerManager | Here is error message from the controller.
2024-01-23 10:53:03.5746 | DESKTOP-9VG6H90 | 29344 | iisexpress | Info | LoggerService.LoggerManager | Here is info message from the controller.
2024-01-23 10:53:03.5746 | DESKTOP-9VG6H90 | 29344 | iisexpress | Debug | LoggerService.LoggerManager | Here is debug message from the controller.
2024-01-23 10:53:03.5746 | DESKTOP-9VG6H90 | 29344 | iisexpress | Warn | LoggerService.LoggerManager | Here is warn message from the controller.
2024-01-23 10:53:03.5746 | DESKTOP-9VG6H90 | 29344 | iisexpress | Error | LoggerService.LoggerManager | Here is error message from the controller.
2024-01-23 10:59:54.9987 | DESKTOP-9VG6H90 | 29344 | iisexpress | Info | LoggerService.LoggerManager | Here is info message from the controller.
2024-01-23 10:59:55.0029 | DESKTOP-9VG6H90 | 29344 | iisexpress | Debug | LoggerService.LoggerManager | Here is debug message from the controller.
2024-01-23 10:59:55.0029 | DESKTOP-9VG6H90 | 29344 | iisexpress | Warn | LoggerService.LoggerManager | Here is warn message from the controller.
2024-01-23 10:59:55.0029 | DESKTOP-9VG6H90 | 29344 | iisexpress | Error | LoggerService.LoggerManager | Here is error message from the controller.
2024-01-23 10:59:55.1750 | DESKTOP-9VG6H90 | 29344 | iisexpress | Info | LoggerService.LoggerManager | Here is info message from the controller.
2024-01-23 10:59:55.1750 | DESKTOP-9VG6H90 | 29344 | iisexpress | Debug | LoggerService.LoggerManager | Here is debug message from the controller.
2024-01-23 10:59:55.1750 | DESKTOP-9VG6H90 | 29344 | iisexpress | Warn | LoggerService.LoggerManager | Here is warn message from the controller.
2024-01-23 10:59:55.1750 | DESKTOP-9VG6H90 | 29344 | iisexpress | Error | LoggerService.LoggerManager | Here is error message from the controller.
2024-01-23 11:16:43.3376 | DESKTOP-9VG6H90 | 29344 | iisexpress | Info | LoggerService.LoggerManager | Here is info message from the controller.
2024-01-23 11:16:43.3376 | DESKTOP-9VG6H90 | 29344 | iisexpress | Debug | LoggerService.LoggerManager | Here is debug message from the controller.
2024-01-23 11:16:43.3376 | DESKTOP-9VG6H90 | 29344 | iisexpress | Warn | LoggerService.LoggerManager | Here is warn message from the controller.
2024-01-23 11:16:43.3376 | DESKTOP-9VG6H90 | 29344 | iisexpress | Error | LoggerService.LoggerManager | Here is error message from the controller.
2024-01-23 11:16:43.4069 | DESKTOP-9VG6H90 | 29344 | iisexpress | Info | LoggerService.LoggerManager | Here is info message from the controller.
2024-01-23 11:16:43.4069 | DESKTOP-9VG6H90 | 29344 | iisexpress | Debug | LoggerService.LoggerManager | Here is debug message from the controller.
2024-01-23 11:16:43.4069 | DESKTOP-9VG6H90 | 29344 | iisexpress | Warn | LoggerService.LoggerManager | Here is warn message from the controller.
2024-01-23 11:16:43.4069 | DESKTOP-9VG6H90 | 29344 | iisexpress | Error | LoggerService.LoggerManager | Here is error message from the controller.
2024-01-23 11:16:51.3577 | DESKTOP-9VG6H90 | 29344 | iisexpress | Info | LoggerService.LoggerManager | Here is info message from the controller.
2024-01-23 11:16:51.3577 | DESKTOP-9VG6H90 | 29344 | iisexpress | Debug | LoggerService.LoggerManager | Here is debug message from the controller.
2024-01-23 11:16:51.3577 | DESKTOP-9VG6H90 | 29344 | iisexpress | Warn | LoggerService.LoggerManager | Here is warn message from the controller.
2024-01-23 11:16:51.3577 | DESKTOP-9VG6H90 | 29344 | iisexpress | Error | LoggerService.LoggerManager | Here is error message from the controller.
2024-01-23 11:16:51.3991 | DESKTOP-9VG6H90 | 29344 | iisexpress | Info | LoggerService.LoggerManager | Here is info message from the controller.
2024-01-23 11:16:51.3991 | DESKTOP-9VG6H90 | 29344 | iisexpress | Debug | LoggerService.LoggerManager | Here is debug message from the controller.
2024-01-23 11:16:51.3991 | DESKTOP-9VG6H90 | 29344 | iisexpress | Warn | LoggerService.LoggerManager | Here is warn message from the controller.
2024-01-23 11:16:51.3991 | DESKTOP-9VG6H90 | 29344 | iisexpress | Error | LoggerService.LoggerManager | Here is error message from the controller.
2024-01-23 11:20:50.9084 | DESKTOP-9VG6H90 | 29344 | iisexpress | Info | LoggerService.LoggerManager | Here is info message from the controller.
2024-01-23 11:20:50.9088 | DESKTOP-9VG6H90 | 29344 | iisexpress | Debug | LoggerService.LoggerManager | Here is debug message from the controller.
2024-01-23 11:20:50.9088 | DESKTOP-9VG6H90 | 29344 | iisexpress | Warn | LoggerService.LoggerManager | Here is warn message from the controller.
2024-01-23 11:20:50.9088 | DESKTOP-9VG6H90 | 29344 | iisexpress | Error | LoggerService.LoggerManager | Here is error message from the controller.
2024-01-23 11:20:50.9636 | DESKTOP-9VG6H90 | 29344 | iisexpress | Info | LoggerService.LoggerManager | Here is info message from the controller.
2024-01-23 11:20:50.9636 | DESKTOP-9VG6H90 | 29344 | iisexpress | Debug | LoggerService.LoggerManager | Here is debug message from the controller.
2024-01-23 11:20:50.9636 | DESKTOP-9VG6H90 | 29344 | iisexpress | Warn | LoggerService.LoggerManager | Here is warn message from the controller.
2024-01-23 11:20:50.9636 | DESKTOP-9VG6H90 | 29344 | iisexpress | Error | LoggerService.LoggerManager | Here is error message from the controller.
2024-01-23 11:20:58.0843 | DESKTOP-9VG6H90 | 29344 | iisexpress | Info | LoggerService.LoggerManager | Here is info message from the controller.
2024-01-23 11:20:58.0843 | DESKTOP-9VG6H90 | 29344 | iisexpress | Debug | LoggerService.LoggerManager | Here is debug message from the controller.
2024-01-23 11:20:58.0843 | DESKTOP-9VG6H90 | 29344 | iisexpress | Warn | LoggerService.LoggerManager | Here is warn message from the controller.
2024-01-23 11:20:58.0843 | DESKTOP-9VG6H90 | 29344 | iisexpress | Error | LoggerService.LoggerManager | Here is error message from the controller.
2024-01-23 11:20:58.1137 | DESKTOP-9VG6H90 | 29344 | iisexpress | Info | LoggerService.LoggerManager | Here is info message from the controller.
2024-01-23 11:20:58.1137 | DESKTOP-9VG6H90 | 29344 | iisexpress | Debug | LoggerService.LoggerManager | Here is debug message from the controller.
2024-01-23 11:20:58.1137 | DESKTOP-9VG6H90 | 29344 | iisexpress | Warn | LoggerService.LoggerManager | Here is warn message from the controller.
2024-01-23 11:20:58.1137 | DESKTOP-9VG6H90 | 29344 | iisexpress | Error | LoggerService.LoggerManager | Here is error message from the controller.
2024-01-23 11:23:53.7810 | DESKTOP-9VG6H90 | 29344 | iisexpress | Info | LoggerService.LoggerManager | Here is info message from the controller.
2024-01-23 11:23:53.7854 | DESKTOP-9VG6H90 | 29344 | iisexpress | Debug | LoggerService.LoggerManager | Here is debug message from the controller.
2024-01-23 11:23:53.7854 | DESKTOP-9VG6H90 | 29344 | iisexpress | Warn | LoggerService.LoggerManager | Here is warn message from the controller.
2024-01-23 11:23:53.7854 | DESKTOP-9VG6H90 | 29344 | iisexpress | Error | LoggerService.LoggerManager | Here is error message from the controller.
2024-01-23 11:23:53.7854 | DESKTOP-9VG6H90 | 29344 | iisexpress | Info | LoggerService.LoggerManager | Here is info message from the controller.
2024-01-23 11:23:53.7854 | DESKTOP-9VG6H90 | 29344 | iisexpress | Debug | LoggerService.LoggerManager | Here is debug message from the controller.
2024-01-23 11:23:53.7854 | DESKTOP-9VG6H90 | 29344 | iisexpress | Warn | LoggerService.LoggerManager | Here is warn message from the controller.
2024-01-23 11:23:53.7854 | DESKTOP-9VG6H90 | 29344 | iisexpress | Error | LoggerService.LoggerManager | Here is error message from the controller.
2024-01-23 11:24:47.3233 | DESKTOP-9VG6H90 | 29344 | iisexpress | Info | LoggerService.LoggerManager | Here is info message from the controller.
2024-01-23 11:24:47.3233 | DESKTOP-9VG6H90 | 29344 | iisexpress | Debug | LoggerService.LoggerManager | Here is debug message from the controller.
2024-01-23 11:24:47.3233 | DESKTOP-9VG6H90 | 29344 | iisexpress | Warn | LoggerService.LoggerManager | Here is warn message from the controller.
2024-01-23 11:24:47.3233 | DESKTOP-9VG6H90 | 29344 | iisexpress | Error | LoggerService.LoggerManager | Here is error message from the controller.
2024-01-23 11:24:47.3618 | DESKTOP-9VG6H90 | 29344 | iisexpress | Info | LoggerService.LoggerManager | Here is info message from the controller.
2024-01-23 11:24:47.3618 | DESKTOP-9VG6H90 | 29344 | iisexpress | Debug | LoggerService.LoggerManager | Here is debug message from the controller.
2024-01-23 11:24:47.3618 | DESKTOP-9VG6H90 | 29344 | iisexpress | Warn | LoggerService.LoggerManager | Here is warn message from the controller.
2024-01-23 11:24:47.3618 | DESKTOP-9VG6H90 | 29344 | iisexpress | Error | LoggerService.LoggerManager | Here is error message from the controller.
2024-01-23 11:35:04.3773 | DESKTOP-9VG6H90 | 29344 | iisexpress | Info | LoggerService.LoggerManager | Here is info message from the controller.
2024-01-23 11:35:04.3773 | DESKTOP-9VG6H90 | 29344 | iisexpress | Debug | LoggerService.LoggerManager | Here is debug message from the controller.
2024-01-23 11:35:04.3773 | DESKTOP-9VG6H90 | 29344 | iisexpress | Warn | LoggerService.LoggerManager | Here is warn message from the controller.
2024-01-23 11:35:04.3773 | DESKTOP-9VG6H90 | 29344 | iisexpress | Error | LoggerService.LoggerManager | Here is error message from the controller.
2024-01-23 11:35:04.3773 | DESKTOP-9VG6H90 | 29344 | iisexpress | Info | LoggerService.LoggerManager | Here is info message from the controller.
2024-01-23 11:35:04.3773 | DESKTOP-9VG6H90 | 29344 | iisexpress | Debug | LoggerService.LoggerManager | Here is debug message from the controller.
2024-01-23 11:35:04.3773 | DESKTOP-9VG6H90 | 29344 | iisexpress | Warn | LoggerService.LoggerManager | Here is warn message from the controller.
2024-01-23 11:35:04.3773 | DESKTOP-9VG6H90 | 29344 | iisexpress | Error | LoggerService.LoggerManager | Here is error message from the controller.
2024-01-23 11:46:04.9302 | DESKTOP-9VG6H90 | 29344 | iisexpress | Info | LoggerService.LoggerManager | Here is info message from the controller.
2024-01-23 11:46:04.9302 | DESKTOP-9VG6H90 | 29344 | iisexpress | Debug | LoggerService.LoggerManager | Here is debug message from the controller.
2024-01-23 11:46:04.9302 | DESKTOP-9VG6H90 | 29344 | iisexpress | Warn | LoggerService.LoggerManager | Here is warn message from the controller.
2024-01-23 11:46:04.9302 | DESKTOP-9VG6H90 | 29344 | iisexpress | Error | LoggerService.LoggerManager | Here is error message from the controller.
2024-01-23 11:46:10.1687 | DESKTOP-9VG6H90 | 29344 | iisexpress | Info | LoggerService.LoggerManager | Here is info message from the controller.
2024-01-23 11:46:10.1687 | DESKTOP-9VG6H90 | 29344 | iisexpress | Debug | LoggerService.LoggerManager | Here is debug message from the controller.
2024-01-23 11:46:10.1687 | DESKTOP-9VG6H90 | 29344 | iisexpress | Warn | LoggerService.LoggerManager | Here is warn message from the controller.
2024-01-23 11:46:10.1687 | DESKTOP-9VG6H90 | 29344 | iisexpress | Error | LoggerService.LoggerManager | Here is error message from the controller.
2024-01-23 15:42:44.8916 | DESKTOP-9VG6H90 | 29344 | iisexpress | Info | LoggerService.LoggerManager | Here is info message from the controller.
2024-01-23 15:42:44.8916 | DESKTOP-9VG6H90 | 29344 | iisexpress | Debug | LoggerService.LoggerManager | Here is debug message from the controller.
2024-01-23 15:42:44.8916 | DESKTOP-9VG6H90 | 29344 | iisexpress | Warn | LoggerService.LoggerManager | Here is warn message from the controller.
2024-01-23 15:42:44.8916 | DESKTOP-9VG6H90 | 29344 | iisexpress | Error | LoggerService.LoggerManager | Here is error message from the controller.
2024-01-23 15:49:52.2917 | DESKTOP-9VG6H90 | 29344 | iisexpress | Info | LoggerService.LoggerManager | Here is info message from the controller.
2024-01-23 15:49:52.2917 | DESKTOP-9VG6H90 | 29344 | iisexpress | Debug | LoggerService.LoggerManager | Here is debug message from the controller.
2024-01-23 15:49:52.2917 | DESKTOP-9VG6H90 | 29344 | iisexpress | Warn | LoggerService.LoggerManager | Here is warn message from the controller.
2024-01-23 15:49:52.2917 | DESKTOP-9VG6H90 | 29344 | iisexpress | Error | LoggerService.LoggerManager | Here is error message from the controller.
2024-01-23 15:57:14.1265 | DESKTOP-9VG6H90 | 29344 | iisexpress | Info | LoggerService.LoggerManager | Here is info message from the controller.
2024-01-23 15:57:14.1265 | DESKTOP-9VG6H90 | 29344 | iisexpress | Debug | LoggerService.LoggerManager | Here is debug message from the controller.
2024-01-23 15:57:14.1265 | DESKTOP-9VG6H90 | 29344 | iisexpress | Warn | LoggerService.LoggerManager | Here is warn message from the controller.
2024-01-23 15:57:14.1265 | DESKTOP-9VG6H90 | 29344 | iisexpress | Error | LoggerService.LoggerManager | Here is error message from the controller.
2024-01-23 15:59:35.1529 | DESKTOP-9VG6H90 | 29344 | iisexpress | Info | LoggerService.LoggerManager | Here is info message from the controller.
2024-01-23 15:59:35.1529 | DESKTOP-9VG6H90 | 29344 | iisexpress | Debug | LoggerService.LoggerManager | Here is debug message from the controller.
2024-01-23 15:59:35.1529 | DESKTOP-9VG6H90 | 29344 | iisexpress | Warn | LoggerService.LoggerManager | Here is warn message from the controller.
2024-01-23 15:59:35.1529 | DESKTOP-9VG6H90 | 29344 | iisexpress | Error | LoggerService.LoggerManager | Here is error message from the controller.
2024-01-23 16:00:22.5826 | DESKTOP-9VG6H90 | 29344 | iisexpress | Info | LoggerService.LoggerManager | Here is info message from the controller.
2024-01-23 16:00:22.5826 | DESKTOP-9VG6H90 | 29344 | iisexpress | Debug | LoggerService.LoggerManager | Here is debug message from the controller.
2024-01-23 16:00:22.5826 | DESKTOP-9VG6H90 | 29344 | iisexpress | Warn | LoggerService.LoggerManager | Here is warn message from the controller.
2024-01-23 16:00:22.5826 | DESKTOP-9VG6H90 | 29344 | iisexpress | Error | LoggerService.LoggerManager | Here is error message from the controller.
2024-01-23 16:12:53.0637 | DESKTOP-9VG6H90 | 29344 | iisexpress | Info | LoggerService.LoggerManager | Here is info message from the controller.
2024-01-23 16:12:53.0637 | DESKTOP-9VG6H90 | 29344 | iisexpress | Debug | LoggerService.LoggerManager | Here is debug message from the controller.
2024-01-23 16:12:53.0637 | DESKTOP-9VG6H90 | 29344 | iisexpress | Warn | LoggerService.LoggerManager | Here is warn message from the controller.
2024-01-23 16:12:53.0637 | DESKTOP-9VG6H90 | 29344 | iisexpress | Error | LoggerService.LoggerManager | Here is error message from the controller.
2024-01-23 16:12:59.1533 | DESKTOP-9VG6H90 | 29344 | iisexpress | Info | LoggerService.LoggerManager | Here is info message from the controller.
2024-01-23 16:12:59.1533 | DESKTOP-9VG6H90 | 29344 | iisexpress | Debug | LoggerService.LoggerManager | Here is debug message from the controller.
2024-01-23 16:12:59.1533 | DESKTOP-9VG6H90 | 29344 | iisexpress | Warn | LoggerService.LoggerManager | Here is warn message from the controller.
2024-01-23 16:12:59.1533 | DESKTOP-9VG6H90 | 29344 | iisexpress | Error | LoggerService.LoggerManager | Here is error message from the controller.
2024-01-23 16:38:50.2363 | DESKTOP-9VG6H90 | 29344 | iisexpress | Info | LoggerService.LoggerManager | Here is info message from the controller.
2024-01-23 16:38:50.2366 | DESKTOP-9VG6H90 | 29344 | iisexpress | Debug | LoggerService.LoggerManager | Here is debug message from the controller.
2024-01-23 16:38:50.2366 | DESKTOP-9VG6H90 | 29344 | iisexpress | Warn | LoggerService.LoggerManager | Here is warn message from the controller.
2024-01-23 16:38:50.2366 | DESKTOP-9VG6H90 | 29344 | iisexpress | Error | LoggerService.LoggerManager | Here is error message from the controller.
2024-01-23 17:27:28.2129 | DESKTOP-9VG6H90 | 29344 | iisexpress | Info | LoggerService.LoggerManager | Here is info message from the controller.
2024-01-23 17:27:28.2129 | DESKTOP-9VG6H90 | 29344 | iisexpress | Debug | LoggerService.LoggerManager | Here is debug message from the controller.
2024-01-23 17:27:28.2129 | DESKTOP-9VG6H90 | 29344 | iisexpress | Warn | LoggerService.LoggerManager | Here is warn message from the controller.
2024-01-23 17:27:28.2129 | DESKTOP-9VG6H90 | 29344 | iisexpress | Error | LoggerService.LoggerManager | Here is error message from the controller.
2024-01-23 17:27:34.9337 | DESKTOP-9VG6H90 | 29344 | iisexpress | Info | LoggerService.LoggerManager | Here is info message from the controller.
2024-01-23 17:27:34.9337 | DESKTOP-9VG6H90 | 29344 | iisexpress | Debug | LoggerService.LoggerManager | Here is debug message from the controller.
2024-01-23 17:27:34.9337 | DESKTOP-9VG6H90 | 29344 | iisexpress | Warn | LoggerService.LoggerManager | Here is warn message from the controller.
2024-01-23 17:27:34.9337 | DESKTOP-9VG6H90 | 29344 | iisexpress | Error | LoggerService.LoggerManager | Here is error message from the controller.
2024-01-23 17:27:36.2187 | DESKTOP-9VG6H90 | 29344 | iisexpress | Info | LoggerService.LoggerManager | Here is info message from the controller.
2024-01-23 17:27:36.2187 | DESKTOP-9VG6H90 | 29344 | iisexpress | Debug | LoggerService.LoggerManager | Here is debug message from the controller.
2024-01-23 17:27:36.2187 | DESKTOP-9VG6H90 | 29344 | iisexpress | Warn | LoggerService.LoggerManager | Here is warn message from the controller.
2024-01-23 17:27:36.2187 | DESKTOP-9VG6H90 | 29344 | iisexpress | Error | LoggerService.LoggerManager | Here is error message from the controller.
2024-01-23 17:27:51.0931 | DESKTOP-9VG6H90 | 29344 | iisexpress | Info | LoggerService.LoggerManager | Here is info message from the controller.
2024-01-23 17:27:51.0931 | DESKTOP-9VG6H90 | 29344 | iisexpress | Debug | LoggerService.LoggerManager | Here is debug message from the controller.
2024-01-23 17:27:51.0931 | DESKTOP-9VG6H90 | 29344 | iisexpress | Warn | LoggerService.LoggerManager | Here is warn message from the controller.
2024-01-23 17:27:51.0931 | DESKTOP-9VG6H90 | 29344 | iisexpress | Error | LoggerService.LoggerManager | Here is error message from the controller.
2024-01-23 17:27:51.1026 | DESKTOP-9VG6H90 | 29344 | iisexpress | Info | LoggerService.LoggerManager | Here is info message from the controller.
2024-01-23 17:27:51.1026 | DESKTOP-9VG6H90 | 29344 | iisexpress | Debug | LoggerService.LoggerManager | Here is debug message from the controller.
2024-01-23 17:27:51.1026 | DESKTOP-9VG6H90 | 29344 | iisexpress | Warn | LoggerService.LoggerManager | Here is warn message from the controller.
2024-01-23 17:27:51.1026 | DESKTOP-9VG6H90 | 29344 | iisexpress | Error | LoggerService.LoggerManager | Here is error message from the controller.
2024-01-23 17:34:36.0919 | DESKTOP-9VG6H90 | 29344 | iisexpress | Info | LoggerService.LoggerManager | Here is info message from the controller.
2024-01-23 17:34:36.0919 | DESKTOP-9VG6H90 | 29344 | iisexpress | Debug | LoggerService.LoggerManager | Here is debug message from the controller.
2024-01-23 17:34:36.0919 | DESKTOP-9VG6H90 | 29344 | iisexpress | Warn | LoggerService.LoggerManager | Here is warn message from the controller.
2024-01-23 17:34:36.0919 | DESKTOP-9VG6H90 | 29344 | iisexpress | Error | LoggerService.LoggerManager | Here is error message from the controller.
2024-01-23 17:34:36.2701 | DESKTOP-9VG6H90 | 29344 | iisexpress | Info | LoggerService.LoggerManager | Here is info message from the controller.
2024-01-23 17:34:36.2701 | DESKTOP-9VG6H90 | 29344 | iisexpress | Debug | LoggerService.LoggerManager | Here is debug message from the controller.
2024-01-23 17:34:36.2701 | DESKTOP-9VG6H90 | 29344 | iisexpress | Warn | LoggerService.LoggerManager | Here is warn message from the controller.
2024-01-23 17:34:36.2701 | DESKTOP-9VG6H90 | 29344 | iisexpress | Error | LoggerService.LoggerManager | Here is error message from the controller.
2024-01-23 17:54:36.4503 | DESKTOP-9VG6H90 | 29344 | iisexpress | Info | LoggerService.LoggerManager | Here is info message from the controller.
2024-01-23 17:54:36.4576 | DESKTOP-9VG6H90 | 29344 | iisexpress | Debug | LoggerService.LoggerManager | Here is debug message from the controller.
2024-01-23 17:54:36.4576 | DESKTOP-9VG6H90 | 29344 | iisexpress | Warn | LoggerService.LoggerManager | Here is warn message from the controller.
2024-01-23 17:54:36.4576 | DESKTOP-9VG6H90 | 29344 | iisexpress | Error | LoggerService.LoggerManager | Here is error message from the controller.
2024-01-23 17:54:36.5873 | DESKTOP-9VG6H90 | 29344 | iisexpress | Info | LoggerService.LoggerManager | Here is info message from the controller.
2024-01-23 17:54:36.5873 | DESKTOP-9VG6H90 | 29344 | iisexpress | Debug | LoggerService.LoggerManager | Here is debug message from the controller.
2024-01-23 17:54:36.5873 | DESKTOP-9VG6H90 | 29344 | iisexpress | Warn | LoggerService.LoggerManager | Here is warn message from the controller.
2024-01-23 17:54:36.5873 | DESKTOP-9VG6H90 | 29344 | iisexpress | Error | LoggerService.LoggerManager | Here is error message from the controller.
2024-01-23 17:54:47.2868 | DESKTOP-9VG6H90 | 29344 | iisexpress | Info | LoggerService.LoggerManager | Here is info message from the controller.
2024-01-23 17:54:47.2868 | DESKTOP-9VG6H90 | 29344 | iisexpress | Debug | LoggerService.LoggerManager | Here is debug message from the controller.
2024-01-23 17:54:47.2868 | DESKTOP-9VG6H90 | 29344 | iisexpress | Warn | LoggerService.LoggerManager | Here is warn message from the controller.
2024-01-23 17:54:47.2868 | DESKTOP-9VG6H90 | 29344 | iisexpress | Error | LoggerService.LoggerManager | Here is error message from the controller.
2024-01-23 17:54:47.3333 | DESKTOP-9VG6H90 | 29344 | iisexpress | Info | LoggerService.LoggerManager | Here is info message from the controller.
2024-01-23 17:54:47.3333 | DESKTOP-9VG6H90 | 29344 | iisexpress | Debug | LoggerService.LoggerManager | Here is debug message from the controller.
2024-01-23 17:54:47.3333 | DESKTOP-9VG6H90 | 29344 | iisexpress | Warn | LoggerService.LoggerManager | Here is warn message from the controller.
2024-01-23 17:54:47.3333 | DESKTOP-9VG6H90 | 29344 | iisexpress | Error | LoggerService.LoggerManager | Here is error message from the controller.
2024-01-23 17:57:12.3016 | DESKTOP-9VG6H90 | 29344 | iisexpress | Info | LoggerService.LoggerManager | Here is info message from the controller.
2024-01-23 17:57:12.3016 | DESKTOP-9VG6H90 | 29344 | iisexpress | Debug | LoggerService.LoggerManager | Here is debug message from the controller.
2024-01-23 17:57:12.3016 | DESKTOP-9VG6H90 | 29344 | iisexpress | Warn | LoggerService.LoggerManager | Here is warn message from the controller.
2024-01-23 17:57:12.3016 | DESKTOP-9VG6H90 | 29344 | iisexpress | Error | LoggerService.LoggerManager | Here is error message from the controller.
2024-01-23 17:57:12.3298 | DESKTOP-9VG6H90 | 29344 | iisexpress | Info | LoggerService.LoggerManager | Here is info message from the controller.
2024-01-23 17:57:12.3298 | DESKTOP-9VG6H90 | 29344 | iisexpress | Debug | LoggerService.LoggerManager | Here is debug message from the controller.
2024-01-23 17:57:12.3298 | DESKTOP-9VG6H90 | 29344 | iisexpress | Warn | LoggerService.LoggerManager | Here is warn message from the controller.
2024-01-23 17:57:12.3298 | DESKTOP-9VG6H90 | 29344 | iisexpress | Error | LoggerService.LoggerManager | Here is error message from the controller.
2024-01-23 18:00:50.5365 | DESKTOP-9VG6H90 | 29344 | iisexpress | Info | LoggerService.LoggerManager | Here is info message from the controller.
2024-01-23 18:00:50.5365 | DESKTOP-9VG6H90 | 29344 | iisexpress | Debug | LoggerService.LoggerManager | Here is debug message from the controller.
2024-01-23 18:00:50.5365 | DESKTOP-9VG6H90 | 29344 | iisexpress | Warn | LoggerService.LoggerManager | Here is warn message from the controller.
2024-01-23 18:00:50.5365 | DESKTOP-9VG6H90 | 29344 | iisexpress | Error | LoggerService.LoggerManager | Here is error message from the controller.
2024-01-23 18:00:50.6164 | DESKTOP-9VG6H90 | 29344 | iisexpress | Info | LoggerService.LoggerManager | Here is info message from the controller.
2024-01-23 18:00:50.6164 | DESKTOP-9VG6H90 | 29344 | iisexpress | Debug | LoggerService.LoggerManager | Here is debug message from the controller.
2024-01-23 18:00:50.6164 | DESKTOP-9VG6H90 | 29344 | iisexpress | Warn | LoggerService.LoggerManager | Here is warn message from the controller.
2024-01-23 18:00:50.6164 | DESKTOP-9VG6H90 | 29344 | iisexpress | Error | LoggerService.LoggerManager | Here is error message from the controller.
2024-01-23 18:02:19.9417 | DESKTOP-9VG6H90 | 29344 | iisexpress | Info | LoggerService.LoggerManager | Here is info message from the controller.
2024-01-23 18:02:19.9417 | DESKTOP-9VG6H90 | 29344 | iisexpress | Debug | LoggerService.LoggerManager | Here is debug message from the controller.
2024-01-23 18:02:19.9417 | DESKTOP-9VG6H90 | 29344 | iisexpress | Warn | LoggerService.LoggerManager | Here is warn message from the controller.
2024-01-23 18:02:19.9417 | DESKTOP-9VG6H90 | 29344 | iisexpress | Error | LoggerService.LoggerManager | Here is error message from the controller.
2024-01-23 18:02:19.9646 | DESKTOP-9VG6H90 | 29344 | iisexpress | Info | LoggerService.LoggerManager | Here is info message from the controller.
2024-01-23 18:02:19.9646 | DESKTOP-9VG6H90 | 29344 | iisexpress | Debug | LoggerService.LoggerManager | Here is debug message from the controller.
2024-01-23 18:02:19.9646 | DESKTOP-9VG6H90 | 29344 | iisexpress | Warn | LoggerService.LoggerManager | Here is warn message from the controller.
2024-01-23 18:02:19.9646 | DESKTOP-9VG6H90 | 29344 | iisexpress | Error | LoggerService.LoggerManager | Here is error message from the controller.
2024-01-23 18:07:17.7618 | DESKTOP-9VG6H90 | 29344 | iisexpress | Info | LoggerService.LoggerManager | Here is info message from the controller.
2024-01-23 18:07:17.7618 | DESKTOP-9VG6H90 | 29344 | iisexpress | Debug | LoggerService.LoggerManager | Here is debug message from the controller.
2024-01-23 18:07:17.7618 | DESKTOP-9VG6H90 | 29344 | iisexpress | Warn | LoggerService.LoggerManager | Here is warn message from the controller.
2024-01-23 18:07:17.7618 | DESKTOP-9VG6H90 | 29344 | iisexpress | Error | LoggerService.LoggerManager | Here is error message from the controller.
2024-01-23 18:07:17.9222 | DESKTOP-9VG6H90 | 29344 | iisexpress | Info | LoggerService.LoggerManager | Here is info message from the controller.
2024-01-23 18:07:17.9222 | DESKTOP-9VG6H90 | 29344 | iisexpress | Debug | LoggerService.LoggerManager | Here is debug message from the controller.
2024-01-23 18:07:17.9222 | DESKTOP-9VG6H90 | 29344 | iisexpress | Warn | LoggerService.LoggerManager | Here is warn message from the controller.
2024-01-23 18:07:17.9222 | DESKTOP-9VG6H90 | 29344 | iisexpress | Error | LoggerService.LoggerManager | Here is error message from the controller.
2024-01-23 18:07:19.8485 | DESKTOP-9VG6H90 | 29344 | iisexpress | Info | LoggerService.LoggerManager | Here is info message from the controller.
2024-01-23 18:07:19.8488 | DESKTOP-9VG6H90 | 29344 | iisexpress | Debug | LoggerService.LoggerManager | Here is debug message from the controller.
2024-01-23 18:07:19.8488 | DESKTOP-9VG6H90 | 29344 | iisexpress | Warn | LoggerService.LoggerManager | Here is warn message from the controller.
2024-01-23 18:07:19.8488 | DESKTOP-9VG6H90 | 29344 | iisexpress | Error | LoggerService.LoggerManager | Here is error message from the controller.
2024-01-23 18:07:19.9466 | DESKTOP-9VG6H90 | 29344 | iisexpress | Info | LoggerService.LoggerManager | Here is info message from the controller.
2024-01-23 18:07:19.9466 | DESKTOP-9VG6H90 | 29344 | iisexpress | Debug | LoggerService.LoggerManager | Here is debug message from the controller.
2024-01-23 18:07:19.9466 | DESKTOP-9VG6H90 | 29344 | iisexpress | Warn | LoggerService.LoggerManager | Here is warn message from the controller.
2024-01-23 18:07:19.9466 | DESKTOP-9VG6H90 | 29344 | iisexpress | Error | LoggerService.LoggerManager | Here is error message from the controller.
2024-01-23 18:07:34.3847 | DESKTOP-9VG6H90 | 29344 | iisexpress | Info | LoggerService.LoggerManager | Here is info message from the controller.
2024-01-23 18:07:34.3847 | DESKTOP-9VG6H90 | 29344 | iisexpress | Debug | LoggerService.LoggerManager | Here is debug message from the controller.
2024-01-23 18:07:34.3847 | DESKTOP-9VG6H90 | 29344 | iisexpress | Warn | LoggerService.LoggerManager | Here is warn message from the controller.
2024-01-23 18:07:34.3847 | DESKTOP-9VG6H90 | 29344 | iisexpress | Error | LoggerService.LoggerManager | Here is error message from the controller.
2024-01-23 18:07:34.4108 | DESKTOP-9VG6H90 | 29344 | iisexpress | Info | LoggerService.LoggerManager | Here is info message from the controller.
2024-01-23 18:07:34.4108 | DESKTOP-9VG6H90 | 29344 | iisexpress | Debug | LoggerService.LoggerManager | Here is debug message from the controller.
2024-01-23 18:07:34.4108 | DESKTOP-9VG6H90 | 29344 | iisexpress | Warn | LoggerService.LoggerManager | Here is warn message from the controller.
2024-01-23 18:07:34.4108 | DESKTOP-9VG6H90 | 29344 | iisexpress | Error | LoggerService.LoggerManager | Here is error message from the controller.
2024-01-23 18:07:46.7811 | DESKTOP-9VG6H90 | 29344 | iisexpress | Info | LoggerService.LoggerManager | Here is info message from the controller.
2024-01-23 18:07:46.7811 | DESKTOP-9VG6H90 | 29344 | iisexpress | Debug | LoggerService.LoggerManager | Here is debug message from the controller.
2024-01-23 18:07:46.7811 | DESKTOP-9VG6H90 | 29344 | iisexpress | Warn | LoggerService.LoggerManager | Here is warn message from the controller.
2024-01-23 18:07:46.7811 | DESKTOP-9VG6H90 | 29344 | iisexpress | Error | LoggerService.LoggerManager | Here is error message from the controller.
2024-01-23 18:07:46.9426 | DESKTOP-9VG6H90 | 29344 | iisexpress | Info | LoggerService.LoggerManager | Here is info message from the controller.
2024-01-23 18:07:46.9426 | DESKTOP-9VG6H90 | 29344 | iisexpress | Debug | LoggerService.LoggerManager | Here is debug message from the controller.
2024-01-23 18:07:46.9426 | DESKTOP-9VG6H90 | 29344 | iisexpress | Warn | LoggerService.LoggerManager | Here is warn message from the controller.
2024-01-23 18:07:46.9426 | DESKTOP-9VG6H90 | 29344 | iisexpress | Error | LoggerService.LoggerManager | Here is error message from the controller.
2024-01-23 18:16:12.1051 | DESKTOP-9VG6H90 | 29344 | iisexpress | Info | LoggerService.LoggerManager | Here is info message from the controller.
2024-01-23 18:16:12.1051 | DESKTOP-9VG6H90 | 29344 | iisexpress | Debug | LoggerService.LoggerManager | Here is debug message from the controller.
2024-01-23 18:16:12.1051 | DESKTOP-9VG6H90 | 29344 | iisexpress | Warn | LoggerService.LoggerManager | Here is warn message from the controller.
2024-01-23 18:16:12.1051 | DESKTOP-9VG6H90 | 29344 | iisexpress | Error | LoggerService.LoggerManager | Here is error message from the controller.
2024-01-23 18:16:12.3213 | DESKTOP-9VG6H90 | 29344 | iisexpress | Info | LoggerService.LoggerManager | Here is info message from the controller.
2024-01-23 18:16:12.3213 | DESKTOP-9VG6H90 | 29344 | iisexpress | Debug | LoggerService.LoggerManager | Here is debug message from the controller.
2024-01-23 18:16:12.3213 | DESKTOP-9VG6H90 | 29344 | iisexpress | Warn | LoggerService.LoggerManager | Here is warn message from the controller.
2024-01-23 18:16:12.3213 | DESKTOP-9VG6H90 | 29344 | iisexpress | Error | LoggerService.LoggerManager | Here is error message from the controller.
2024-01-23 18:17:51.7341 | DESKTOP-9VG6H90 | 29344 | iisexpress | Info | LoggerService.LoggerManager | Here is info message from the controller.
2024-01-23 18:17:51.7341 | DESKTOP-9VG6H90 | 29344 | iisexpress | Debug | LoggerService.LoggerManager | Here is debug message from the controller.
2024-01-23 18:17:51.7341 | DESKTOP-9VG6H90 | 29344 | iisexpress | Warn | LoggerService.LoggerManager | Here is warn message from the controller.
2024-01-23 18:17:51.7341 | DESKTOP-9VG6H90 | 29344 | iisexpress | Error | LoggerService.LoggerManager | Here is error message from the controller.
2024-01-23 18:17:51.7659 | DESKTOP-9VG6H90 | 29344 | iisexpress | Info | LoggerService.LoggerManager | Here is info message from the controller.
2024-01-23 18:17:51.7659 | DESKTOP-9VG6H90 | 29344 | iisexpress | Debug | LoggerService.LoggerManager | Here is debug message from the controller.
2024-01-23 18:17:51.7659 | DESKTOP-9VG6H90 | 29344 | iisexpress | Warn | LoggerService.LoggerManager | Here is warn message from the controller.
2024-01-23 18:17:51.7659 | DESKTOP-9VG6H90 | 29344 | iisexpress | Error | LoggerService.LoggerManager | Here is error message from the controller.
2024-01-23 18:18:38.9324 | DESKTOP-9VG6H90 | 29344 | iisexpress | Info | LoggerService.LoggerManager | Here is info message from the controller.
2024-01-23 18:18:38.9324 | DESKTOP-9VG6H90 | 29344 | iisexpress | Debug | LoggerService.LoggerManager | Here is debug message from the controller.
2024-01-23 18:18:38.9324 | DESKTOP-9VG6H90 | 29344 | iisexpress | Warn | LoggerService.LoggerManager | Here is warn message from the controller.
2024-01-23 18:18:38.9324 | DESKTOP-9VG6H90 | 29344 | iisexpress | Error | LoggerService.LoggerManager | Here is error message from the controller.
2024-01-23 18:18:38.9932 | DESKTOP-9VG6H90 | 29344 | iisexpress | Info | LoggerService.LoggerManager | Here is info message from the controller.
2024-01-23 18:18:38.9932 | DESKTOP-9VG6H90 | 29344 | iisexpress | Debug | LoggerService.LoggerManager | Here is debug message from the controller.
2024-01-23 18:18:38.9932 | DESKTOP-9VG6H90 | 29344 | iisexpress | Warn | LoggerService.LoggerManager | Here is warn message from the controller.
2024-01-23 18:18:38.9932 | DESKTOP-9VG6H90 | 29344 | iisexpress | Error | LoggerService.LoggerManager | Here is error message from the controller.
2024-01-23 18:22:25.6103 | DESKTOP-9VG6H90 | 29344 | iisexpress | Info | LoggerService.LoggerManager | Here is info message from the controller.
2024-01-23 18:22:25.6103 | DESKTOP-9VG6H90 | 29344 | iisexpress | Debug | LoggerService.LoggerManager | Here is debug message from the controller.
2024-01-23 18:22:25.6103 | DESKTOP-9VG6H90 | 29344 | iisexpress | Warn | LoggerService.LoggerManager | Here is warn message from the controller.
2024-01-23 18:22:25.6103 | DESKTOP-9VG6H90 | 29344 | iisexpress | Error | LoggerService.LoggerManager | Here is error message from the controller.
2024-01-23 18:22:25.6836 | DESKTOP-9VG6H90 | 29344 | iisexpress | Info | LoggerService.LoggerManager | Here is info message from the controller.
2024-01-23 18:22:25.6836 | DESKTOP-9VG6H90 | 29344 | iisexpress | Debug | LoggerService.LoggerManager | Here is debug message from the controller.
2024-01-23 18:22:25.6836 | DESKTOP-9VG6H90 | 29344 | iisexpress | Warn | LoggerService.LoggerManager | Here is warn message from the controller.
2024-01-23 18:22:25.6836 | DESKTOP-9VG6H90 | 29344 | iisexpress | Error | LoggerService.LoggerManager | Here is error message from the controller.
2024-01-23 18:22:55.2348 | DESKTOP-9VG6H90 | 29344 | iisexpress | Info | LoggerService.LoggerManager | Here is info message from the controller.
2024-01-23 18:22:55.2377 | DESKTOP-9VG6H90 | 29344 | iisexpress | Debug | LoggerService.LoggerManager | Here is debug message from the controller.
2024-01-23 18:22:55.2377 | DESKTOP-9VG6H90 | 29344 | iisexpress | Warn | LoggerService.LoggerManager | Here is warn message from the controller.
2024-01-23 18:22:55.2377 | DESKTOP-9VG6H90 | 29344 | iisexpress | Error | LoggerService.LoggerManager | Here is error message from the controller.
2024-01-23 18:22:55.2627 | DESKTOP-9VG6H90 | 29344 | iisexpress | Info | LoggerService.LoggerManager | Here is info message from the controller.
2024-01-23 18:22:55.2627 | DESKTOP-9VG6H90 | 29344 | iisexpress | Debug | LoggerService.LoggerManager | Here is debug message from the controller.
2024-01-23 18:22:55.2627 | DESKTOP-9VG6H90 | 29344 | iisexpress | Warn | LoggerService.LoggerManager | Here is warn message from the controller.
2024-01-23 18:22:55.2627 | DESKTOP-9VG6H90 | 29344 | iisexpress | Error | LoggerService.LoggerManager | Here is error message from the controller.
